Log file open, 06/02/20 23:09:02
LogWindows: Failed to load 'aqProf.dll' (GetLastError=126)
LogWindows: File 'aqProf.dll' does not exist
LogWindows: Failed to load 'VtuneApi.dll' (GetLastError=126)
LogWindows: File 'VtuneApi.dll' does not exist
LogWindows: Failed to load 'VtuneApi32e.dll' (GetLastError=126)
LogWindows: File 'VtuneApi32e.dll' does not exist
LogConsoleResponse: Display: Failed to find resolution value strings in scalability ini. Falling back to default.
LogInit: Display: Running engine for game: MGieleciakBallRunner
LogPlatformFile: Not using cached read wrapper
LogTaskGraph: Started task graph with 5 named threads and 23 total threads with 3 sets of task threads.
LogStats: Stats thread started at 0.070691
LogD3D11RHI: Loaded GFSDK_Aftermath_Lib.x64.dll
LogICUInternationalization: ICU TimeZone Detection - Raw Offset: +1:00, Platform Override: ''
LogPluginManager: Mounting plugin Paper2D
LogPluginManager: Mounting plugin AISupport
LogPluginManager: Mounting plugin LightPropagationVolume
LogPluginManager: Mounting plugin ActorLayerUtilities
LogPluginManager: Mounting plugin AnimationSharing
LogPluginManager: Mounting plugin CLionSourceCodeAccess
LogPluginManager: Mounting plugin CodeLiteSourceCodeAccess
LogPluginManager: Mounting plugin GitSourceControl
LogPluginManager: Mounting plugin KDevelopSourceCodeAccess
LogPluginManager: Mounting plugin NullSourceCodeAccess
LogPluginManager: Mounting plugin PerforceSourceControl
LogPluginManager: Mounting plugin PlasticSourceControl
LogPluginManager: Mounting plugin SubversionSourceControl
LogPluginManager: Mounting plugin UObjectPlugin
LogPluginManager: Mounting plugin VisualStudioCodeSourceCodeAccess
LogPluginManager: Mounting plugin VisualStudioSourceCodeAccess
LogPluginManager: Mounting plugin XCodeSourceCodeAccess
LogPluginManager: Mounting plugin AssetManagerEditor
LogPluginManager: Mounting plugin CryptoKeys
LogPluginManager: Mounting plugin CurveEditorTools
LogPluginManager: Mounting plugin DataValidation
LogPluginManager: Mounting plugin FacialAnimation
LogPluginManager: Mounting plugin GameplayTagsEditor
LogPluginManager: Mounting plugin MacGraphicsSwitching
LogPluginManager: Mounting plugin MaterialAnalyzer
LogPluginManager: Mounting plugin MobileLauncherProfileWizard
LogPluginManager: Mounting plugin PluginBrowser
LogPluginManager: Mounting plugin SpeedTreeImporter
LogPluginManager: Mounting plugin DatasmithContent
LogPluginManager: Mounting plugin VariantManagerContent
LogPluginManager: Mounting plugin AlembicImporter
LogPluginManager: Mounting plugin AutomationUtils
LogPluginManager: Mounting plugin BackChannel
LogPluginManager: Mounting plugin CharacterAI
LogPluginManager: Mounting plugin GeometryCache
LogPluginManager: Mounting plugin PlatformCrypto
LogPluginManager: Mounting plugin ProxyLODPlugin
LogPluginManager: Mounting plugin SkeletalReduction
LogPluginManager: Mounting plugin MagicLeap
LogPluginManager: Mounting plugin MagicLeapMedia
LogPluginManager: Mounting plugin MLSDK
LogPluginManager: Mounting plugin AndroidMedia
LogPluginManager: Mounting plugin AvfMedia
LogPluginManager: Mounting plugin ImgMedia
LogPluginManager: Mounting plugin MediaCompositing
LogPluginManager: Mounting plugin MediaPlayerEditor
LogPluginManager: Mounting plugin WebMMedia
LogPluginManager: Mounting plugin WmfMedia
LogPluginManager: Mounting plugin TcpMessaging
LogPluginManager: Mounting plugin UdpMessaging
LogPluginManager: Mounting plugin ActorSequence
LogPluginManager: Mounting plugin LevelSequenceEditor
LogPluginManager: Mounting plugin MatineeToLevelSequence
LogPluginManager: Mounting plugin NetcodeUnitTest
LogPluginManager: Mounting plugin NUTUnrealEngine4
LogPluginManager: Mounting plugin OnlineSubsystemGooglePlay
LogPluginManager: Mounting plugin OnlineSubsystemIOS
LogPluginManager: Mounting plugin OnlineSubsystem
LogPluginManager: Mounting plugin OnlineSubsystemNull
LogPluginManager: Mounting plugin OnlineSubsystemUtils
LogPluginManager: Mounting plugin LauncherChunkInstaller
LogPluginManager: Mounting plugin AndroidDeviceProfileSelector
LogPluginManager: Mounting plugin AndroidMoviePlayer
LogPluginManager: Mounting plugin AndroidPermission
LogPluginManager: Mounting plugin AppleImageUtils
LogPluginManager: Mounting plugin AppleMoviePlayer
LogPluginManager: Mounting plugin ArchVisCharacter
LogPluginManager: Mounting plugin AssetTags
LogPluginManager: Mounting plugin AudioCapture
LogPluginManager: Mounting plugin CableComponent
LogPluginManager: Mounting plugin CustomMeshComponent
LogPluginManager: Mounting plugin EditableMesh
LogPluginManager: Mounting plugin ExampleDeviceProfileSelector
LogPluginManager: Mounting plugin GoogleCloudMessaging
LogPluginManager: Mounting plugin IOSDeviceProfileSelector
LogPluginManager: Mounting plugin LinuxDeviceProfileSelector
LogPluginManager: Mounting plugin LocationServicesBPLibrary
LogPluginManager: Mounting plugin MobilePatchingUtils
LogPluginManager: Mounting plugin OculusVR
LogPluginManager: Mounting plugin PhysXVehicles
LogPluginManager: Mounting plugin PostSplashScreen
LogPluginManager: Mounting plugin ProceduralMeshComponent
LogPluginManager: Mounting plugin RuntimePhysXCooking
LogPluginManager: Mounting plugin SignificanceManager
LogPluginManager: Mounting plugin SteamVR
LogPluginManager: Mounting plugin WebMMoviePlayer
LogPluginManager: Mounting plugin WindowsMoviePlayer
LogPluginManager: Mounting plugin ScreenshotTools
LogInit: Using libcurl 7.55.1-DEV
LogInit:  - built for x86_64-pc-win32
LogInit:  - supports SSL with OpenSSL/1.1.1
LogInit:  - supports HTTP deflate (compression) using libz 1.2.8
LogInit:  - other features:
LogInit:      CURL_VERSION_SSL
LogInit:      CURL_VERSION_LIBZ
LogInit:      CURL_VERSION_IPV6
LogInit:      CURL_VERSION_ASYNCHDNS
LogInit:      CURL_VERSION_LARGEFILE
LogInit:      CURL_VERSION_IDN
LogInit:  CurlRequestOptions (configurable via config and command line):
LogInit:  - bVerifyPeer = true  - Libcurl will verify peer certificate
LogInit:  - bUseHttpProxy = false  - Libcurl will NOT use HTTP proxy
LogInit:  - bDontReuseConnections = false  - Libcurl will reuse connections
LogInit:  - MaxHostConnections = 16  - Libcurl will limit the number of connections to a host
LogInit:  - LocalHostAddr = Default
LogInit:  - BufferSize = 65536
LogOnline: OSS: Creating online subsystem instance for: NULL
LogInit: WinSock: version 1.1 (2.2), MaxSocks=32767, MaxUdp=65467
LogOnline: OSS: TryLoadSubsystemAndSetDefault: Loaded subsystem for module [NULL]
LogInit: Build: ++UE4+Release-4.24-CL-10757647
LogInit: Engine Version: 4.24.1-10757647+++UE4+Release-4.24
LogInit: Compatible Engine Version: 4.24.0-10570792+++UE4+Release-4.24
LogInit: Net CL: 10570792
LogInit: OS: Windows 7 (Service Pack 1), CPU:           Intel(R) Xeon(R) CPU E31240 @ 3.30GHz, GPU: NVIDIA GeForce GTX 1050 Ti
LogInit: Compiled (64-bit): Dec 17 2019 02:08:03
LogInit: Compiled with Visual C++: 19.16.27032.01
LogInit: Build Configuration: Development
LogInit: Branch Name: ++UE4+Release-4.24
LogInit: Command Line:  -EpicPortal -epicusername=Mikl020 -epicuserid=d574b82f9add4eefbfabdec55137f63a -epiclocale=pl
LogInit: Base Directory: D:/EGL/Epic Games/UE_4.24/Engine/Binaries/Win64/
LogInit: Installed Engine Build: 1
LogDevObjectVersion: Number of dev versions registered: 25
LogDevObjectVersion:   Dev-Blueprints (B0D832E4-1F89-4F0D-ACCF-7EB736FD4AA2): 10
LogDevObjectVersion:   Dev-Build (E1C64328-A22C-4D53-A36C-8E866417BD8C): 0
LogDevObjectVersion:   Dev-Core (375EC13C-06E4-48FB-B500-84F0262A717E): 3
LogDevObjectVersion:   Dev-Editor (E4B068ED-F494-42E9-A231-DA0B2E46BB41): 37
LogDevObjectVersion:   Dev-Framework (CFFC743F-43B0-4480-9391-14DF171D2073): 36
LogDevObjectVersion:   Dev-Mobile (B02B49B5-BB20-44E9-A304-32B752E40360): 2
LogDevObjectVersion:   Dev-Networking (A4E4105C-59A1-49B5-A7C5-40C4547EDFEE): 0
LogDevObjectVersion:   Dev-Online (39C831C9-5AE6-47DC-9A44-9C173E1C8E7C): 0
LogDevObjectVersion:   Dev-Physics (78F01B33-EBEA-4F98-B9B4-84EACCB95AA2): 2
LogDevObjectVersion:   Dev-Platform (6631380F-2D4D-43E0-8009-CF276956A95A): 0
LogDevObjectVersion:   Dev-Rendering (12F88B9F-8875-4AFC-A67C-D90C383ABD29): 36
LogDevObjectVersion:   Dev-Sequencer (7B5AE74C-D270-4C10-A958-57980B212A5A): 11
LogDevObjectVersion:   Dev-VR (D7296918-1DD6-4BDD-9DE2-64A83CC13884): 2
LogDevObjectVersion:   Dev-LoadTimes (C2A15278-BFE7-4AFE-6C17-90FF531DF755): 1
LogDevObjectVersion:   Private-Geometry (6EACA3D4-40EC-4CC1-B786-8BED09428FC5): 3
LogDevObjectVersion:   Dev-AnimPhys (29E575DD-E0A3-4627-9D10-D276232CDCEA): 17
LogDevObjectVersion:   Dev-Anim (AF43A65D-7FD3-4947-9873-3E8ED9C1BB05): 2
LogDevObjectVersion:   Dev-ReflectionCapture (6B266CEC-1EC7-4B8F-A30B-E4D90942FC07): 1
LogDevObjectVersion:   Dev-Automation (0DF73D61-A23F-47EA-B727-89E90C41499A): 1
LogDevObjectVersion:   FortniteMain (601D1886-AC64-4F84-AA16-D3DE0DEAC7D6): 31
LogDevObjectVersion:   Dev-Enterprise (9DFFBCD6-494F-0158-E221-12823C92A888): 8
LogDevObjectVersion:   Dev-Niagara (F2AED0AC-9AFE-416F-8664-AA7FFA26D6FC): 1
LogDevObjectVersion:   Dev-Destruction (174F1F0B-B4C6-45A5-B13F-2EE8D0FB917D): 9
LogDevObjectVersion:   Dev-Physics-Ext (35F94A83-E258-406C-A318-09F59610247C): 8
LogDevObjectVersion:   Dev-CineCamera (B2E18506-4273-CFC2-A54E-F4BB758BBA07): 1
LogInit: Presizing for max 25165824 objects, including 0 objects not considered by GC, pre-allocating 0 bytes for permanent pool.
LogInit: Object subsystem initialized
LogConfig: Setting CVar [[con.DebugEarlyDefault:1]]
LogConfig: Setting CVar [[r.setres:1280x720]]
[2020.06.02-21.09.02:225][  0]LogConfig: Setting CVar [[r.VSync:0]]
[2020.06.02-21.09.02:225][  0]LogConfig: Setting CVar [[r.RHICmdBypass:0]]
[2020.06.02-21.09.02:225][  0]LogConfig: Applying CVar settings from Section [/Script/Engine.RendererSettings] File [D:/Unreal Projects/BR/UEBallRunner/MGieleciakBallRunner/Saved/Config/Windows/Engine.ini]
[2020.06.02-21.09.02:225][  0]LogConfig: Setting CVar [[r.GPUCrashDebugging:0]]
[2020.06.02-21.09.02:225][  0]LogConfig: Setting CVar [[r.DefaultFeature.AutoExposure:0]]
[2020.06.02-21.09.02:225][  0]LogConfig: Applying CVar settings from Section [/Script/Engine.RendererOverrideSettings] File [D:/Unreal Projects/BR/UEBallRunner/MGieleciakBallRunner/Saved/Config/Windows/Engine.ini]
[2020.06.02-21.09.02:225][  0]LogConfig: Applying CVar settings from Section [/Script/Engine.StreamingSettings] File [D:/Unreal Projects/BR/UEBallRunner/MGieleciakBallRunner/Saved/Config/Windows/Engine.ini]
[2020.06.02-21.09.02:225][  0]LogConfig: Setting CVar [[s.MinBulkDataSizeForAsyncLoading:131072]]
[2020.06.02-21.09.02:225][  0]LogConfig: Setting CVar [[s.AsyncLoadingThreadEnabled:0]]
[2020.06.02-21.09.02:225][  0]LogConfig: Setting CVar [[s.EventDrivenLoaderEnabled:1]]
[2020.06.02-21.09.02:225][  0]LogConfig: Setting CVar [[s.WarnIfTimeLimitExceeded:0]]
[2020.06.02-21.09.02:225][  0]LogConfig: Setting CVar [[s.TimeLimitExceededMultiplier:1.5]]
[2020.06.02-21.09.02:225][  0]LogConfig: Setting CVar [[s.TimeLimitExceededMinTime:0.005]]
[2020.06.02-21.09.02:225][  0]LogConfig: Setting CVar [[s.UseBackgroundLevelStreaming:1]]
[2020.06.02-21.09.02:225][  0]LogConfig: Setting CVar [[s.PriorityAsyncLoadingExtraTime:15.0]]
[2020.06.02-21.09.02:225][  0]LogConfig: Setting CVar [[s.LevelStreamingActorsUpdateTimeLimit:5.0]]
[2020.06.02-21.09.02:225][  0]LogConfig: Setting CVar [[s.PriorityLevelStreamingActorsUpdateExtraTime:5.0]]
[2020.06.02-21.09.02:225][  0]LogConfig: Setting CVar [[s.LevelStreamingComponentsRegistrationGranularity:10]]
[2020.06.02-21.09.02:225][  0]LogConfig: Setting CVar [[s.UnregisterComponentsTimeLimit:1.0]]
[2020.06.02-21.09.02:225][  0]LogConfig: Setting CVar [[s.LevelStreamingComponentsUnregistrationGranularity:5]]
[2020.06.02-21.09.02:225][  0]LogConfig: Setting CVar [[s.FlushStreamingOnExit:1]]
[2020.06.02-21.09.02:225][  0]LogConfig: Applying CVar settings from Section [/Script/Engine.GarbageCollectionSettings] File [D:/Unreal Projects/BR/UEBallRunner/MGieleciakBallRunner/Saved/Config/Windows/Engine.ini]
[2020.06.02-21.09.02:225][  0]LogConfig: Setting CVar [[gc.MaxObjectsNotConsideredByGC:1]]
[2020.06.02-21.09.02:225][  0]LogConfig: Setting CVar [[gc.SizeOfPermanentObjectPool:0]]
[2020.06.02-21.09.02:225][  0]LogConfig: Setting CVar [[gc.FlushStreamingOnGC:0]]
[2020.06.02-21.09.02:225][  0]LogConfig: Setting CVar [[gc.NumRetriesBeforeForcingGC:10]]
[2020.06.02-21.09.02:225][  0]LogConfig: Setting CVar [[gc.AllowParallelGC:1]]
[2020.06.02-21.09.02:225][  0]LogConfig: Setting CVar [[gc.TimeBetweenPurgingPendingKillObjects:61.1]]
[2020.06.02-21.09.02:225][  0]LogConfig: Setting CVar [[gc.MaxObjectsInEditor:25165824]]
[2020.06.02-21.09.02:225][  0]LogConfig: Setting CVar [[gc.IncrementalBeginDestroyEnabled:1]]
[2020.06.02-21.09.02:225][  0]LogConfig: Setting CVar [[gc.CreateGCClusters:1]]
[2020.06.02-21.09.02:225][  0]LogConfig: Setting CVar [[gc.MinGCClusterSize:5]]
[2020.06.02-21.09.02:225][  0]LogConfig: Setting CVar [[gc.ActorClusteringEnabled:0]]
[2020.06.02-21.09.02:225][  0]LogConfig: Setting CVar [[gc.BlueprintClusteringEnabled:0]]
[2020.06.02-21.09.02:225][  0]LogConfig: Setting CVar [[gc.UseDisregardForGCOnDedicatedServers:0]]
[2020.06.02-21.09.02:225][  0]LogConfig: Applying CVar settings from Section [/Script/Engine.NetworkSettings] File [D:/Unreal Projects/BR/UEBallRunner/MGieleciakBallRunner/Saved/Config/Windows/Engine.ini]
[2020.06.02-21.09.02:225][  0]LogConfig: Applying CVar settings from Section [/Script/UnrealEd.CookerSettings] File [D:/Unreal Projects/BR/UEBallRunner/MGieleciakBallRunner/Saved/Config/Windows/Engine.ini]
[2020.06.02-21.09.02:231][  0]LogConfig: Applying CVar settings from Section [ViewDistanceQuality@3] File [D:/Unreal Projects/BR/UEBallRunner/MGieleciakBallRunner/Saved/Config/Windows/Scalability.ini]
[2020.06.02-21.09.02:231][  0]LogConfig: Setting CVar [[r.SkeletalMeshLODBias:0]]
[2020.06.02-21.09.02:231][  0]LogConfig: Setting CVar [[r.ViewDistanceScale:1.0]]
[2020.06.02-21.09.02:231][  0]LogConfig: Applying CVar settings from Section [AntiAliasingQuality@3] File [D:/Unreal Projects/BR/UEBallRunner/MGieleciakBallRunner/Saved/Config/Windows/Scalability.ini]
[2020.06.02-21.09.02:231][  0]LogConfig: Setting CVar [[r.PostProcessAAQuality:4]]
[2020.06.02-21.09.02:231][  0]LogConfig: Applying CVar settings from Section [ShadowQuality@3] File [D:/Unreal Projects/BR/UEBallRunner/MGieleciakBallRunner/Saved/Config/Windows/Scalability.ini]
[2020.06.02-21.09.02:231][  0]LogConfig: Setting CVar [[r.LightFunctionQuality:1]]
[2020.06.02-21.09.02:231][  0]LogConfig: Setting CVar [[r.ShadowQuality:5]]
[2020.06.02-21.09.02:231][  0]LogConfig: Setting CVar [[r.Shadow.CSM.MaxCascades:10]]
[2020.06.02-21.09.02:231][  0]LogConfig: Setting CVar [[r.Shadow.MaxResolution:2048]]
[2020.06.02-21.09.02:231][  0]LogConfig: Setting CVar [[r.Shadow.MaxCSMResolution:2048]]
[2020.06.02-21.09.02:231][  0]LogConfig: Setting CVar [[r.Shadow.RadiusThreshold:0.01]]
[2020.06.02-21.09.02:231][  0]LogConfig: Setting CVar [[r.Shadow.DistanceScale:1.0]]
[2020.06.02-21.09.02:231][  0]LogConfig: Setting CVar [[r.Shadow.CSM.TransitionScale:1.0]]
[2020.06.02-21.09.02:231][  0]LogConfig: Setting CVar [[r.Shadow.PreShadowResolutionFactor:1.0]]
[2020.06.02-21.09.02:231][  0]LogConfig: Setting CVar [[r.DistanceFieldShadowing:1]]
[2020.06.02-21.09.02:231][  0]LogConfig: Setting CVar [[r.DistanceFieldAO:1]]
[2020.06.02-21.09.02:231][  0]LogConfig: Setting CVar [[r.AOQuality:2]]
[2020.06.02-21.09.02:231][  0]LogConfig: Setting CVar [[r.VolumetricFog:1]]
[2020.06.02-21.09.02:231][  0]LogConfig: Setting CVar [[r.VolumetricFog.GridPixelSize:8]]
[2020.06.02-21.09.02:231][  0]LogConfig: Setting CVar [[r.VolumetricFog.GridSizeZ:128]]
[2020.06.02-21.09.02:231][  0]LogConfig: Setting CVar [[r.VolumetricFog.HistoryMissSupersampleCount:4]]
[2020.06.02-21.09.02:231][  0]LogConfig: Setting CVar [[r.LightMaxDrawDistanceScale:1]]
[2020.06.02-21.09.02:231][  0]LogConfig: Setting CVar [[r.CapsuleShadows:1]]
[2020.06.02-21.09.02:231][  0]LogConfig: Applying CVar settings from Section [PostProcessQuality@3] File [D:/Unreal Projects/BR/UEBallRunner/MGieleciakBallRunner/Saved/Config/Windows/Scalability.ini]
[2020.06.02-21.09.02:232][  0]LogConfig: Setting CVar [[r.MotionBlurQuality:4]]
[2020.06.02-21.09.02:232][  0]LogConfig: Setting CVar [[r.AmbientOcclusionMipLevelFactor:0.4]]
[2020.06.02-21.09.02:232][  0]LogConfig: Setting CVar [[r.AmbientOcclusionMaxQuality:100]]
[2020.06.02-21.09.02:232][  0]LogConfig: Setting CVar [[r.AmbientOcclusionLevels:-1]]
[2020.06.02-21.09.02:232][  0]LogConfig: Setting CVar [[r.AmbientOcclusionRadiusScale:1.0]]
[2020.06.02-21.09.02:232][  0]LogConfig: Setting CVar [[r.DepthOfFieldQuality:2]]
[2020.06.02-21.09.02:232][  0]LogConfig: Setting CVar [[r.RenderTargetPoolMin:400]]
[2020.06.02-21.09.02:232][  0]LogConfig: Setting CVar [[r.LensFlareQuality:2]]
[2020.06.02-21.09.02:232][  0]LogConfig: Setting CVar [[r.SceneColorFringeQuality:1]]
[2020.06.02-21.09.02:232][  0]LogConfig: Setting CVar [[r.EyeAdaptationQuality:2]]
[2020.06.02-21.09.02:232][  0]LogConfig: Setting CVar [[r.BloomQuality:5]]
[2020.06.02-21.09.02:232][  0]LogConfig: Setting CVar [[r.FastBlurThreshold:100]]
[2020.06.02-21.09.02:232][  0]LogConfig: Setting CVar [[r.Upscale.Quality:3]]
[2020.06.02-21.09.02:232][  0]LogConfig: Setting CVar [[r.Tonemapper.GrainQuantization:1]]
[2020.06.02-21.09.02:232][  0]LogConfig: Setting CVar [[r.LightShaftQuality:1]]
[2020.06.02-21.09.02:232][  0]LogConfig: Setting CVar [[r.Filter.SizeScale:1]]
[2020.06.02-21.09.02:232][  0]LogConfig: Setting CVar [[r.Tonemapper.Quality:5]]
[2020.06.02-21.09.02:232][  0]LogConfig: Setting CVar [[r.DOF.Gather.AccumulatorQuality:1        ; higher gathering accumulator quality]]
[2020.06.02-21.09.02:232][  0]LogConfig: Setting CVar [[r.DOF.Gather.PostfilterMethod:1          ; Median3x3 postfilering method]]
[2020.06.02-21.09.02:232][  0]LogConfig: Setting CVar [[r.DOF.Gather.EnableBokehSettings:0       ; no bokeh simulation when gathering]]
[2020.06.02-21.09.02:232][  0]LogConfig: Setting CVar [[r.DOF.Gather.RingCount:4                 ; medium number of samples when gathering]]
[2020.06.02-21.09.02:232][  0]LogConfig: Setting CVar [[r.DOF.Scatter.ForegroundCompositing:1    ; additive foreground scattering]]
[2020.06.02-21.09.02:232][  0]LogConfig: Setting CVar [[r.DOF.Scatter.BackgroundCompositing:2    ; additive background scattering]]
[2020.06.02-21.09.02:232][  0]LogConfig: Setting CVar [[r.DOF.Scatter.EnableBokehSettings:1      ; bokeh simulation when scattering]]
[2020.06.02-21.09.02:232][  0]LogConfig: Setting CVar [[r.DOF.Scatter.MaxSpriteRatio:0.1         ; only a maximum of 10% of scattered bokeh]]
[2020.06.02-21.09.02:232][  0]LogConfig: Setting CVar [[r.DOF.Recombine.Quality:1                ; cheap slight out of focus]]
[2020.06.02-21.09.02:232][  0]LogConfig: Setting CVar [[r.DOF.Recombine.EnableBokehSettings:0    ; no bokeh simulation on slight out of focus]]
[2020.06.02-21.09.02:232][  0]LogConfig: Setting CVar [[r.DOF.TemporalAAQuality:1                ; more stable temporal accumulation]]
[2020.06.02-21.09.02:232][  0]LogConfig: Setting CVar [[r.DOF.Kernel.MaxForegroundRadius:0.025]]
[2020.06.02-21.09.02:232][  0]LogConfig: Setting CVar [[r.DOF.Kernel.MaxBackgroundRadius:0.025]]
[2020.06.02-21.09.02:232][  0]LogConfig: Applying CVar settings from Section [TextureQuality@3] File [D:/Unreal Projects/BR/UEBallRunner/MGieleciakBallRunner/Saved/Config/Windows/Scalability.ini]
[2020.06.02-21.09.02:232][  0]LogConfig: Setting CVar [[r.Streaming.MipBias:0]]
[2020.06.02-21.09.02:232][  0]LogConfig: Setting CVar [[r.Streaming.AmortizeCPUToGPUCopy:0]]
[2020.06.02-21.09.02:232][  0]LogConfig: Setting CVar [[r.Streaming.MaxNumTexturesToStreamPerFrame:0]]
[2020.06.02-21.09.02:232][  0]LogConfig: Setting CVar [[r.Streaming.Boost:1]]
[2020.06.02-21.09.02:232][  0]LogConfig: Setting CVar [[r.MaxAnisotropy:8]]
[2020.06.02-21.09.02:232][  0]LogConfig: Setting CVar [[r.VT.MaxAnisotropy:8]]
[2020.06.02-21.09.02:232][  0]LogConfig: Setting CVar [[r.Streaming.LimitPoolSizeToVRAM:0]]
[2020.06.02-21.09.02:232][  0]LogConfig: Setting CVar [[r.Streaming.PoolSize:1000]]
[2020.06.02-21.09.02:232][  0]LogConfig: Setting CVar [[r.Streaming.MaxEffectiveScreenSize:0]]
[2020.06.02-21.09.02:232][  0]LogConfig: Applying CVar settings from Section [EffectsQuality@3] File [D:/Unreal Projects/BR/UEBallRunner/MGieleciakBallRunner/Saved/Config/Windows/Scalability.ini]
[2020.06.02-21.09.02:232][  0]LogConfig: Setting CVar [[r.TranslucencyLightingVolumeDim:64]]
[2020.06.02-21.09.02:232][  0]LogConfig: Setting CVar [[r.RefractionQuality:2]]
[2020.06.02-21.09.02:232][  0]LogConfig: Setting CVar [[r.SSR.Quality:3]]
[2020.06.02-21.09.02:232][  0]LogConfig: Setting CVar [[r.SSR.HalfResSceneColor:0]]
[2020.06.02-21.09.02:232][  0]LogConfig: Setting CVar [[r.SceneColorFormat:4]]
[2020.06.02-21.09.02:232][  0]LogConfig: Setting CVar [[r.DetailMode:2]]
[2020.06.02-21.09.02:232][  0]LogConfig: Setting CVar [[r.TranslucencyVolumeBlur:1]]
[2020.06.02-21.09.02:232][  0]LogConfig: Setting CVar [[r.MaterialQualityLevel:1 ; High quality]]
[2020.06.02-21.09.02:232][  0]LogConfig: Setting CVar [[r.SSS.Scale:1]]
[2020.06.02-21.09.02:232][  0]LogConfig: Setting CVar [[r.SSS.SampleSet:2]]
[2020.06.02-21.09.02:232][  0]LogConfig: Setting CVar [[r.SSS.Quality:1]]
[2020.06.02-21.09.02:232][  0]LogConfig: Setting CVar [[r.SSS.HalfRes:1]]
[2020.06.02-21.09.02:232][  0]LogConfig: Setting CVar [[r.SSGI.Quality:3]]
[2020.06.02-21.09.02:232][  0]LogConfig: Setting CVar [[r.EmitterSpawnRateScale:1.0]]
[2020.06.02-21.09.02:232][  0]LogConfig: Setting CVar [[r.ParticleLightQuality:2]]
[2020.06.02-21.09.02:232][  0]LogConfig: Setting CVar [[r.SkyAtmosphere.AerialPerspectiveLUT.FastApplyOnOpaque:1 ; Always have FastSkyLUT 1 in this case to avoid wrong sky]]
[2020.06.02-21.09.02:232][  0]LogConfig: Setting CVar [[r.SkyAtmosphere.AerialPerspectiveLUT.SampleCountPerSlice:1]]
[2020.06.02-21.09.02:232][  0]LogConfig: Setting CVar [[r.SkyAtmosphere.AerialPerspectiveLUT.DepthResolution:16.0]]
[2020.06.02-21.09.02:232][  0]LogConfig: Setting CVar [[r.SkyAtmosphere.FastSkyLUT:1]]
[2020.06.02-21.09.02:232][  0]LogConfig: Setting CVar [[r.SkyAtmosphere.FastSkyLUT.SampleCountMin:4.0]]
[2020.06.02-21.09.02:232][  0]LogConfig: Setting CVar [[r.SkyAtmosphere.FastSkyLUT.SampleCountMax:32.0]]
[2020.06.02-21.09.02:232][  0]LogConfig: Setting CVar [[r.SkyAtmosphere.SampleCountMin:4.0]]
[2020.06.02-21.09.02:232][  0]LogConfig: Setting CVar [[r.SkyAtmosphere.SampleCountMax:32.0]]
[2020.06.02-21.09.02:232][  0]LogConfig: Setting CVar [[r.SkyAtmosphere.TransmittanceLUT.UseSmallFormat:0]]
[2020.06.02-21.09.02:232][  0]LogConfig: Setting CVar [[r.SkyAtmosphere.TransmittanceLUT.SampleCount:10.0]]
[2020.06.02-21.09.02:232][  0]LogConfig: Setting CVar [[r.SkyAtmosphere.MultiScatteringLUT.SampleCount:15.0]]
[2020.06.02-21.09.02:233][  0]LogConfig: Applying CVar settings from Section [FoliageQuality@3] File [D:/Unreal Projects/BR/UEBallRunner/MGieleciakBallRunner/Saved/Config/Windows/Scalability.ini]
[2020.06.02-21.09.02:233][  0]LogConfig: Setting CVar [[foliage.DensityScale:1.0]]
[2020.06.02-21.09.02:233][  0]LogConfig: Setting CVar [[grass.DensityScale:1.0]]
[2020.06.02-21.09.02:233][  0]LogConfig: Applying CVar settings from Section [ShadingQuality@3] File [D:/Unreal Projects/BR/UEBallRunner/MGieleciakBallRunner/Saved/Config/Windows/Scalability.ini]
[2020.06.02-21.09.02:233][  0]LogConfig: Setting CVar [[r.HairStrands.SkyLighting.SampleCount:16]]
[2020.06.02-21.09.02:233][  0]LogConfig: Setting CVar [[r.HairStrands.SkyLighting.JitterIntegration:0]]
[2020.06.02-21.09.02:233][  0]LogConfig: Setting CVar [[r.HairStrands.SkyAO.SampleCount:16]]
[2020.06.02-21.09.02:233][  0]LogInit: Selected Device Profile: [Windows]
[2020.06.02-21.09.02:233][  0]LogInit: Applying CVar settings loaded from the selected device profile: [Windows]
[2020.06.02-21.09.02:235][  0]LogHAL: Display: Platform has ~ 8 GB [8545951744 / 8589934592 / 8], which maps to Default [LargestMinGB=32, LargerMinGB=12, DefaultMinGB=8, SmallerMinGB=6, SmallestMinGB=0)
[2020.06.02-21.09.02:235][  0]LogInit: Going up to parent DeviceProfile []
[2020.06.02-21.09.02:235][  0]LogConfig: Applying CVar settings from Section [ViewDistanceQuality@3] File [D:/Unreal Projects/BR/UEBallRunner/MGieleciakBallRunner/Saved/Config/Windows/Scalability.ini]
[2020.06.02-21.09.02:235][  0]LogConfig: Setting CVar [[r.SkeletalMeshLODBias:0]]
[2020.06.02-21.09.02:235][  0]LogConfig: Setting CVar [[r.ViewDistanceScale:1.0]]
[2020.06.02-21.09.02:235][  0]LogConfig: Applying CVar settings from Section [AntiAliasingQuality@3] File [D:/Unreal Projects/BR/UEBallRunner/MGieleciakBallRunner/Saved/Config/Windows/Scalability.ini]
[2020.06.02-21.09.02:235][  0]LogConfig: Setting CVar [[r.PostProcessAAQuality:4]]
[2020.06.02-21.09.02:235][  0]LogConfig: Applying CVar settings from Section [ShadowQuality@3] File [D:/Unreal Projects/BR/UEBallRunner/MGieleciakBallRunner/Saved/Config/Windows/Scalability.ini]
[2020.06.02-21.09.02:235][  0]LogConfig: Setting CVar [[r.LightFunctionQuality:1]]
[2020.06.02-21.09.02:235][  0]LogConfig: Setting CVar [[r.ShadowQuality:5]]
[2020.06.02-21.09.02:235][  0]LogConfig: Setting CVar [[r.Shadow.CSM.MaxCascades:10]]
[2020.06.02-21.09.02:235][  0]LogConfig: Setting CVar [[r.Shadow.MaxResolution:2048]]
[2020.06.02-21.09.02:235][  0]LogConfig: Setting CVar [[r.Shadow.MaxCSMResolution:2048]]
[2020.06.02-21.09.02:235][  0]LogConfig: Setting CVar [[r.Shadow.RadiusThreshold:0.01]]
[2020.06.02-21.09.02:235][  0]LogConfig: Setting CVar [[r.Shadow.DistanceScale:1.0]]
[2020.06.02-21.09.02:235][  0]LogConfig: Setting CVar [[r.Shadow.CSM.TransitionScale:1.0]]
[2020.06.02-21.09.02:235][  0]LogConfig: Setting CVar [[r.Shadow.PreShadowResolutionFactor:1.0]]
[2020.06.02-21.09.02:235][  0]LogConfig: Setting CVar [[r.DistanceFieldShadowing:1]]
[2020.06.02-21.09.02:235][  0]LogConfig: Setting CVar [[r.DistanceFieldAO:1]]
[2020.06.02-21.09.02:235][  0]LogConfig: Setting CVar [[r.AOQuality:2]]
[2020.06.02-21.09.02:236][  0]LogConfig: Setting CVar [[r.VolumetricFog:1]]
[2020.06.02-21.09.02:236][  0]LogConfig: Setting CVar [[r.VolumetricFog.GridPixelSize:8]]
[2020.06.02-21.09.02:236][  0]LogConfig: Setting CVar [[r.VolumetricFog.GridSizeZ:128]]
[2020.06.02-21.09.02:236][  0]LogConfig: Setting CVar [[r.VolumetricFog.HistoryMissSupersampleCount:4]]
[2020.06.02-21.09.02:236][  0]LogConfig: Setting CVar [[r.LightMaxDrawDistanceScale:1]]
[2020.06.02-21.09.02:236][  0]LogConfig: Setting CVar [[r.CapsuleShadows:1]]
[2020.06.02-21.09.02:236][  0]LogConfig: Applying CVar settings from Section [PostProcessQuality@3] File [D:/Unreal Projects/BR/UEBallRunner/MGieleciakBallRunner/Saved/Config/Windows/Scalability.ini]
[2020.06.02-21.09.02:236][  0]LogConfig: Setting CVar [[r.MotionBlurQuality:4]]
[2020.06.02-21.09.02:236][  0]LogConfig: Setting CVar [[r.AmbientOcclusionMipLevelFactor:0.4]]
[2020.06.02-21.09.02:236][  0]LogConfig: Setting CVar [[r.AmbientOcclusionMaxQuality:100]]
[2020.06.02-21.09.02:236][  0]LogConfig: Setting CVar [[r.AmbientOcclusionLevels:-1]]
[2020.06.02-21.09.02:236][  0]LogConfig: Setting CVar [[r.AmbientOcclusionRadiusScale:1.0]]
[2020.06.02-21.09.02:236][  0]LogConfig: Setting CVar [[r.DepthOfFieldQuality:2]]
[2020.06.02-21.09.02:236][  0]LogConfig: Setting CVar [[r.RenderTargetPoolMin:400]]
[2020.06.02-21.09.02:236][  0]LogConfig: Setting CVar [[r.LensFlareQuality:2]]
[2020.06.02-21.09.02:236][  0]LogConfig: Setting CVar [[r.SceneColorFringeQuality:1]]
[2020.06.02-21.09.02:236][  0]LogConfig: Setting CVar [[r.EyeAdaptationQuality:2]]
[2020.06.02-21.09.02:236][  0]LogConfig: Setting CVar [[r.BloomQuality:5]]
[2020.06.02-21.09.02:236][  0]LogConfig: Setting CVar [[r.FastBlurThreshold:100]]
[2020.06.02-21.09.02:236][  0]LogConfig: Setting CVar [[r.Upscale.Quality:3]]
[2020.06.02-21.09.02:236][  0]LogConfig: Setting CVar [[r.Tonemapper.GrainQuantization:1]]
[2020.06.02-21.09.02:236][  0]LogConfig: Setting CVar [[r.LightShaftQuality:1]]
[2020.06.02-21.09.02:236][  0]LogConfig: Setting CVar [[r.Filter.SizeScale:1]]
[2020.06.02-21.09.02:236][  0]LogConfig: Setting CVar [[r.Tonemapper.Quality:5]]
[2020.06.02-21.09.02:236][  0]LogConfig: Setting CVar [[r.DOF.Gather.AccumulatorQuality:1        ; higher gathering accumulator quality]]
[2020.06.02-21.09.02:236][  0]LogConfig: Setting CVar [[r.DOF.Gather.PostfilterMethod:1          ; Median3x3 postfilering method]]
[2020.06.02-21.09.02:236][  0]LogConfig: Setting CVar [[r.DOF.Gather.EnableBokehSettings:0       ; no bokeh simulation when gathering]]
[2020.06.02-21.09.02:236][  0]LogConfig: Setting CVar [[r.DOF.Gather.RingCount:4                 ; medium number of samples when gathering]]
[2020.06.02-21.09.02:236][  0]LogConfig: Setting CVar [[r.DOF.Scatter.ForegroundCompositing:1    ; additive foreground scattering]]
[2020.06.02-21.09.02:236][  0]LogConfig: Setting CVar [[r.DOF.Scatter.BackgroundCompositing:2    ; additive background scattering]]
[2020.06.02-21.09.02:236][  0]LogConfig: Setting CVar [[r.DOF.Scatter.EnableBokehSettings:1      ; bokeh simulation when scattering]]
[2020.06.02-21.09.02:236][  0]LogConfig: Setting CVar [[r.DOF.Scatter.MaxSpriteRatio:0.1         ; only a maximum of 10% of scattered bokeh]]
[2020.06.02-21.09.02:236][  0]LogConfig: Setting CVar [[r.DOF.Recombine.Quality:1                ; cheap slight out of focus]]
[2020.06.02-21.09.02:236][  0]LogConfig: Setting CVar [[r.DOF.Recombine.EnableBokehSettings:0    ; no bokeh simulation on slight out of focus]]
[2020.06.02-21.09.02:236][  0]LogConfig: Setting CVar [[r.DOF.TemporalAAQuality:1                ; more stable temporal accumulation]]
[2020.06.02-21.09.02:236][  0]LogConfig: Setting CVar [[r.DOF.Kernel.MaxForegroundRadius:0.025]]
[2020.06.02-21.09.02:236][  0]LogConfig: Setting CVar [[r.DOF.Kernel.MaxBackgroundRadius:0.025]]
[2020.06.02-21.09.02:236][  0]LogConfig: Applying CVar settings from Section [TextureQuality@3] File [D:/Unreal Projects/BR/UEBallRunner/MGieleciakBallRunner/Saved/Config/Windows/Scalability.ini]
[2020.06.02-21.09.02:236][  0]LogConfig: Setting CVar [[r.Streaming.MipBias:0]]
[2020.06.02-21.09.02:236][  0]LogConfig: Setting CVar [[r.Streaming.AmortizeCPUToGPUCopy:0]]
[2020.06.02-21.09.02:236][  0]LogConfig: Setting CVar [[r.Streaming.MaxNumTexturesToStreamPerFrame:0]]
[2020.06.02-21.09.02:236][  0]LogConfig: Setting CVar [[r.Streaming.Boost:1]]
[2020.06.02-21.09.02:236][  0]LogConfig: Setting CVar [[r.MaxAnisotropy:8]]
[2020.06.02-21.09.02:236][  0]LogConfig: Setting CVar [[r.VT.MaxAnisotropy:8]]
[2020.06.02-21.09.02:236][  0]LogConfig: Setting CVar [[r.Streaming.LimitPoolSizeToVRAM:0]]
[2020.06.02-21.09.02:236][  0]LogConfig: Setting CVar [[r.Streaming.PoolSize:1000]]
[2020.06.02-21.09.02:236][  0]LogConfig: Setting CVar [[r.Streaming.MaxEffectiveScreenSize:0]]
[2020.06.02-21.09.02:236][  0]LogConfig: Applying CVar settings from Section [EffectsQuality@3] File [D:/Unreal Projects/BR/UEBallRunner/MGieleciakBallRunner/Saved/Config/Windows/Scalability.ini]
[2020.06.02-21.09.02:236][  0]LogConfig: Setting CVar [[r.TranslucencyLightingVolumeDim:64]]
[2020.06.02-21.09.02:236][  0]LogConfig: Setting CVar [[r.RefractionQuality:2]]
[2020.06.02-21.09.02:236][  0]LogConfig: Setting CVar [[r.SSR.Quality:3]]
[2020.06.02-21.09.02:236][  0]LogConfig: Setting CVar [[r.SSR.HalfResSceneColor:0]]
[2020.06.02-21.09.02:236][  0]LogConfig: Setting CVar [[r.SceneColorFormat:4]]
[2020.06.02-21.09.02:236][  0]LogConfig: Setting CVar [[r.DetailMode:2]]
[2020.06.02-21.09.02:236][  0]LogConfig: Setting CVar [[r.TranslucencyVolumeBlur:1]]
[2020.06.02-21.09.02:236][  0]LogConfig: Setting CVar [[r.MaterialQualityLevel:1 ; High quality]]
[2020.06.02-21.09.02:236][  0]LogConfig: Setting CVar [[r.SSS.Scale:1]]
[2020.06.02-21.09.02:236][  0]LogConfig: Setting CVar [[r.SSS.SampleSet:2]]
[2020.06.02-21.09.02:236][  0]LogConfig: Setting CVar [[r.SSS.Quality:1]]
[2020.06.02-21.09.02:236][  0]LogConfig: Setting CVar [[r.SSS.HalfRes:1]]
[2020.06.02-21.09.02:236][  0]LogConfig: Setting CVar [[r.SSGI.Quality:3]]
[2020.06.02-21.09.02:236][  0]LogConfig: Setting CVar [[r.EmitterSpawnRateScale:1.0]]
[2020.06.02-21.09.02:236][  0]LogConfig: Setting CVar [[r.ParticleLightQuality:2]]
[2020.06.02-21.09.02:236][  0]LogConfig: Setting CVar [[r.SkyAtmosphere.AerialPerspectiveLUT.FastApplyOnOpaque:1 ; Always have FastSkyLUT 1 in this case to avoid wrong sky]]
[2020.06.02-21.09.02:236][  0]LogConfig: Setting CVar [[r.SkyAtmosphere.AerialPerspectiveLUT.SampleCountPerSlice:1]]
[2020.06.02-21.09.02:236][  0]LogConfig: Setting CVar [[r.SkyAtmosphere.AerialPerspectiveLUT.DepthResolution:16.0]]
[2020.06.02-21.09.02:236][  0]LogConfig: Setting CVar [[r.SkyAtmosphere.FastSkyLUT:1]]
[2020.06.02-21.09.02:236][  0]LogConfig: Setting CVar [[r.SkyAtmosphere.FastSkyLUT.SampleCountMin:4.0]]
[2020.06.02-21.09.02:237][  0]LogConfig: Setting CVar [[r.SkyAtmosphere.FastSkyLUT.SampleCountMax:32.0]]
[2020.06.02-21.09.02:237][  0]LogConfig: Setting CVar [[r.SkyAtmosphere.SampleCountMin:4.0]]
[2020.06.02-21.09.02:237][  0]LogConfig: Setting CVar [[r.SkyAtmosphere.SampleCountMax:32.0]]
[2020.06.02-21.09.02:237][  0]LogConfig: Setting CVar [[r.SkyAtmosphere.TransmittanceLUT.UseSmallFormat:0]]
[2020.06.02-21.09.02:237][  0]LogConfig: Setting CVar [[r.SkyAtmosphere.TransmittanceLUT.SampleCount:10.0]]
[2020.06.02-21.09.02:237][  0]LogConfig: Setting CVar [[r.SkyAtmosphere.MultiScatteringLUT.SampleCount:15.0]]
[2020.06.02-21.09.02:237][  0]LogConfig: Applying CVar settings from Section [FoliageQuality@3] File [D:/Unreal Projects/BR/UEBallRunner/MGieleciakBallRunner/Saved/Config/Windows/Scalability.ini]
[2020.06.02-21.09.02:237][  0]LogConfig: Setting CVar [[foliage.DensityScale:1.0]]
[2020.06.02-21.09.02:237][  0]LogConfig: Setting CVar [[grass.DensityScale:1.0]]
[2020.06.02-21.09.02:237][  0]LogConfig: Applying CVar settings from Section [ShadingQuality@3] File [D:/Unreal Projects/BR/UEBallRunner/MGieleciakBallRunner/Saved/Config/Windows/Scalability.ini]
[2020.06.02-21.09.02:237][  0]LogConfig: Setting CVar [[r.HairStrands.SkyLighting.SampleCount:16]]
[2020.06.02-21.09.02:237][  0]LogConfig: Setting CVar [[r.HairStrands.SkyLighting.JitterIntegration:0]]
[2020.06.02-21.09.02:237][  0]LogConfig: Setting CVar [[r.HairStrands.SkyAO.SampleCount:16]]
[2020.06.02-21.09.02:237][  0]LogConfig: Applying CVar settings from Section [Startup] File [../../../Engine/Config/ConsoleVariables.ini]
[2020.06.02-21.09.02:237][  0]LogConfig: Setting CVar [[net.UseAdaptiveNetUpdateFrequency:0]]
[2020.06.02-21.09.02:237][  0]LogConfig: Setting CVar [[p.chaos.AllowCreatePhysxBodies:1]]
[2020.06.02-21.09.02:237][  0]LogConfig: Applying CVar settings from Section [ConsoleVariables] File [D:/Unreal Projects/BR/UEBallRunner/MGieleciakBallRunner/Saved/Config/Windows/Engine.ini]
[2020.06.02-21.09.02:237][  0]LogInit: Computer: USER-KOMPUTER
[2020.06.02-21.09.02:237][  0]LogInit: User: user
[2020.06.02-21.09.02:237][  0]LogInit: CPU Page size=4096, Cores=4
[2020.06.02-21.09.02:237][  0]LogInit: High frequency timer resolution =3.215410 MHz
[2020.06.02-21.09.02:237][  0]LogMemory: Memory total: Physical=8.0GB (8GB approx)
[2020.06.02-21.09.02:237][  0]LogMemory: Platform Memory Stats for Windows
[2020.06.02-21.09.02:237][  0]LogMemory: Process Physical Memory: 104.97 MB used, 104.97 MB peak
[2020.06.02-21.09.02:237][  0]LogMemory: Process Virtual Memory: 104.42 MB used, 104.42 MB peak
[2020.06.02-21.09.02:237][  0]LogMemory: Physical Memory: 7206.55 MB used,  943.50 MB free, 8150.05 MB total
[2020.06.02-21.09.02:237][  0]LogMemory: Virtual Memory: 1020.37 MB used,  8387587.50 MB free, 8388608.00 MB total
[2020.06.02-21.09.02:246][  0]LogWindows: WindowsPlatformFeatures enabled
[2020.06.02-21.09.02:258][  0]LogInit: Using OS detected language (pl-PL).
[2020.06.02-21.09.02:259][  0]LogInit: Using OS detected locale (pl-PL).
[2020.06.02-21.09.02:259][  0]LogTextLocalizationManager: No specific localization for 'pl-PL' exists, so the 'pl' localization will be used.
[2020.06.02-21.09.02:259][  0]LogTextLocalizationResource: LocRes '../../../Engine/Content/Localization/Editor/pl/Editor.locres' could not be opened for reading!
[2020.06.02-21.09.02:259][  0]LogTextLocalizationResource: LocRes '../../../Engine/Content/Localization/EditorTutorials/pl/EditorTutorials.locres' could not be opened for reading!
[2020.06.02-21.09.02:259][  0]LogTextLocalizationResource: LocRes '../../../Engine/Content/Localization/Keywords/pl/Keywords.locres' could not be opened for reading!
[2020.06.02-21.09.02:260][  0]LogTextLocalizationResource: LocRes '../../../Engine/Content/Localization/Category/pl/Category.locres' could not be opened for reading!
[2020.06.02-21.09.02:260][  0]LogTextLocalizationResource: LocRes '../../../Engine/Content/Localization/ToolTips/pl/ToolTips.locres' could not be opened for reading!
[2020.06.02-21.09.02:260][  0]LogTextLocalizationResource: LocRes '../../../Engine/Content/Localization/PropertyNames/pl/PropertyNames.locres' could not be opened for reading!
[2020.06.02-21.09.02:260][  0]LogTextLocalizationResource: LocRes '../../../Engine/Content/Localization/Engine/pl/Engine.locres' could not be opened for reading!
[2020.06.02-21.09.02:261][  0]LogWindows: Failed to load 'shcore.dll' (GetLastError=126)
[2020.06.02-21.09.02:261][  0]LogWindows: File 'shcore.dll' does not exist
[2020.06.02-21.09.02:261][  0]LogInit: Setting process to DPI aware
[2020.06.02-21.09.02:311][  0]LogSlate: New Slate User Created.  User Index 0, Is Virtual User: 0
[2020.06.02-21.09.02:311][  0]LogSlate: Slate User Registered.  User Index 0, Is Virtual User: 0
[2020.06.02-21.09.02:428][  0]LogHMD: Failed to initialize OpenVR with code 110
[2020.06.02-21.09.02:428][  0]LogD3D11RHI: D3D11 min allowed feature level: 11_0
[2020.06.02-21.09.02:428][  0]LogD3D11RHI: D3D11 max allowed feature level: 11_0
[2020.06.02-21.09.02:428][  0]LogD3D11RHI: D3D11 adapters:
[2020.06.02-21.09.02:478][  0]LogD3D11RHI:    0. 'NVIDIA GeForce GTX 1050 Ti' (Feature Level 11_0)
[2020.06.02-21.09.02:478][  0]LogD3D11RHI:       3998/0/3819 MB DedicatedVideo/DedicatedSystem/SharedSystem, Outputs:2, VendorId:0x10de
[2020.06.02-21.09.02:478][  0]LogD3D11RHI: Chosen D3D11 Adapter: 0
[2020.06.02-21.09.02:482][  0]LogD3D11RHI: Creating new Direct3DDevice
[2020.06.02-21.09.02:483][  0]LogD3D11RHI:     GPU DeviceId: 0x1c82 (for the marketing name, search the web for "GPU Device Id")
[2020.06.02-21.09.02:483][  0]LogWindows: EnumDisplayDevices:
[2020.06.02-21.09.02:483][  0]LogWindows:    0. 'NVIDIA GeForce GTX 1050 Ti' (P:1 D:1)
[2020.06.02-21.09.02:483][  0]LogWindows:    1. 'NVIDIA GeForce GTX 1050 Ti' (P:0 D:1)
[2020.06.02-21.09.02:483][  0]LogWindows:    2. 'NVIDIA GeForce GTX 1050 Ti' (P:0 D:0)
[2020.06.02-21.09.02:483][  0]LogWindows:    3. 'NVIDIA GeForce GTX 1050 Ti' (P:0 D:0)
[2020.06.02-21.09.02:483][  0]LogWindows:    4. 'RDPDD Chained DD' (P:0 D:0)
[2020.06.02-21.09.02:483][  0]LogWindows:    5. 'RDP Encoder Mirror Driver' (P:0 D:0)
[2020.06.02-21.09.02:483][  0]LogWindows:    6. 'RDP Reflector Display Driver' (P:0 D:0)
[2020.06.02-21.09.02:483][  0]LogWindows: DebugString: GetVideoDriverDetailsInvalid PrimaryIsNotTheChoosenAdapter GetVideoDriverDetailsInvalid PrimaryIsNotTheChoosenAdapter GetVideoDriverDetailsInvalid PrimaryIsNotTheChoosenAdapter FoundDriverCount:4 
[2020.06.02-21.09.02:483][  0]LogD3D11RHI:     Adapter Name: NVIDIA GeForce GTX 1050 Ti
[2020.06.02-21.09.02:483][  0]LogD3D11RHI:   Driver Version: 441.08 (internal:26.21.14.4108, unified:441.08)
[2020.06.02-21.09.02:483][  0]LogD3D11RHI:      Driver Date: 10-22-2019
[2020.06.02-21.09.02:483][  0]LogRHI: Texture pool is 2798 MB (70% of 3998 MB)
[2020.06.02-21.09.02:503][  0]LogD3D11RHI: RHI has support for 64 bit atomics
[2020.06.02-21.09.02:503][  0]LogD3D11RHI: Async texture creation enabled
[2020.06.02-21.09.02:524][  0]LogD3D11RHI: GPU Timing Frequency: 1000.000000 (Debug: 2 2)
[2020.06.02-21.09.02:783][  0]LogTargetPlatformManager: Display: Loaded TargetPlatform 'AllDesktop'
[2020.06.02-21.09.02:815][  0]LogTargetPlatformManager: Display: Loaded TargetPlatform 'Android'
[2020.06.02-21.09.02:815][  0]LogTargetPlatformManager: Display: Loaded TargetPlatform 'Android_ASTC'
[2020.06.02-21.09.02:815][  0]LogTargetPlatformManager: Display: Loaded TargetPlatform 'Android_ATC'
[2020.06.02-21.09.02:815][  0]LogTargetPlatformManager: Display: Loaded TargetPlatform 'Android_DXT'
[2020.06.02-21.09.02:815][  0]LogTargetPlatformManager: Display: Loaded TargetPlatform 'Android_ETC1'
[2020.06.02-21.09.02:815][  0]LogTargetPlatformManager: Display: Loaded TargetPlatform 'Android_ETC1a'
[2020.06.02-21.09.02:815][  0]LogTargetPlatformManager: Display: Loaded TargetPlatform 'Android_ETC2'
[2020.06.02-21.09.02:815][  0]LogTargetPlatformManager: Display: Loaded TargetPlatform 'Android_PVRTC'
[2020.06.02-21.09.02:815][  0]LogTargetPlatformManager: Display: Loaded TargetPlatform 'AndroidClient'
[2020.06.02-21.09.02:815][  0]LogTargetPlatformManager: Display: Loaded TargetPlatform 'Android_ASTCClient'
[2020.06.02-21.09.02:815][  0]LogTargetPlatformManager: Display: Loaded TargetPlatform 'Android_ATCClient'
[2020.06.02-21.09.02:815][  0]LogTargetPlatformManager: Display: Loaded TargetPlatform 'Android_DXTClient'
[2020.06.02-21.09.02:815][  0]LogTargetPlatformManager: Display: Loaded TargetPlatform 'Android_ETC1Client'
[2020.06.02-21.09.02:815][  0]LogTargetPlatformManager: Display: Loaded TargetPlatform 'Android_ETC1aClient'
[2020.06.02-21.09.02:815][  0]LogTargetPlatformManager: Display: Loaded TargetPlatform 'Android_ETC2Client'
[2020.06.02-21.09.02:815][  0]LogTargetPlatformManager: Display: Loaded TargetPlatform 'Android_PVRTCClient'
[2020.06.02-21.09.02:815][  0]LogTargetPlatformManager: Display: Loaded TargetPlatform 'Android_Multi'
[2020.06.02-21.09.02:815][  0]LogTargetPlatformManager: Display: Loaded TargetPlatform 'Android_MultiClient'
[2020.06.02-21.09.02:836][  0]LogTargetPlatformManager: Display: Loaded TargetPlatform 'IOSClient'
[2020.06.02-21.09.02:836][  0]LogTargetPlatformManager: Display: Loaded TargetPlatform 'IOS'
[2020.06.02-21.09.02:843][  0]LogTargetPlatformManager: Display: Loaded TargetPlatform 'LinuxNoEditor'
[2020.06.02-21.09.02:851][  0]LogTargetPlatformManager: Display: Loaded TargetPlatform 'LinuxClient'
[2020.06.02-21.09.02:859][  0]LogTargetPlatformManager: Display: Loaded TargetPlatform 'LinuxServer'
[2020.06.02-21.09.02:867][  0]LogTargetPlatformManager: Display: Loaded TargetPlatform 'LinuxAArch64NoEditor'
[2020.06.02-21.09.02:874][  0]LogTargetPlatformManager: Display: Loaded TargetPlatform 'LinuxAArch64Client'
[2020.06.02-21.09.02:882][  0]LogTargetPlatformManager: Display: Loaded TargetPlatform 'LinuxAArch64Server'
[2020.06.02-21.09.02:908][  0]LogTargetPlatformManager: Display: Loaded TargetPlatform 'Lumin'
[2020.06.02-21.09.02:908][  0]LogTargetPlatformManager: Display: Loaded TargetPlatform 'LuminClient'
[2020.06.02-21.09.02:923][  0]LogTargetPlatformManager: Display: Loaded TargetPlatform 'TVOSClient'
[2020.06.02-21.09.02:923][  0]LogTargetPlatformManager: Display: Loaded TargetPlatform 'TVOS'
[2020.06.02-21.09.02:930][  0]LogTargetPlatformManager: Display: Loaded TargetPlatform 'WindowsNoEditor'
[2020.06.02-21.09.02:938][  0]LogTargetPlatformManager: Display: Loaded TargetPlatform 'Windows'
[2020.06.02-21.09.02:945][  0]LogTargetPlatformManager: Display: Loaded TargetPlatform 'WindowsClient'
[2020.06.02-21.09.02:953][  0]LogTargetPlatformManager: Display: Loaded TargetPlatform 'WindowsServer'
[2020.06.02-21.09.02:953][  0]LogTargetPlatformManager: Display: Building Assets For Windows
[2020.06.02-21.09.02:955][  0]LogAudioDebug: Display: Lib vorbis DLL was dynamically loaded.
[2020.06.02-21.09.02:969][  0]LogShaderCompilers: Guid format shader working directory is -25 characters bigger than the processId version (../../../../../../Unreal Projects/BR/UEBallRunner/MGieleciakBallRunner/Intermediate/Shaders/WorkingDirectory/4828/).
[2020.06.02-21.09.02:969][  0]LogShaderCompilers: Cleaned the shader compiler working directory 'C:/Users/user/AppData/Local/Temp/UnrealShaderWorkingDir/7A8B58CE44B6AAD1555F8AB789D3C315/'.
[2020.06.02-21.09.02:970][  0]LogXGEController: Cannot use XGE Controller as Incredibuild is not installed on this machine.
[2020.06.02-21.09.02:970][  0]LogShaderCompilers: Cannot use XGE Shader Compiler as Incredibuild is not installed on this machine.
[2020.06.02-21.09.02:970][  0]LogShaderCompilers: Display: Using Local Shader Compiler.
[2020.06.02-21.09.03:836][  0]LogDerivedDataCache: Display: Max Cache Size: 512 MB
[2020.06.02-21.09.03:919][  0]LogDerivedDataCache: Loaded boot cache 0.08s 78MB C:/Users/user/AppData/Local/UnrealEngine/4.24/DerivedDataCache/Boot.ddc.
[2020.06.02-21.09.03:919][  0]LogDerivedDataCache: Display: Loaded Boot cache: C:/Users/user/AppData/Local/UnrealEngine/4.24/DerivedDataCache/Boot.ddc
[2020.06.02-21.09.03:919][  0]LogDerivedDataCache: FDerivedDataBackendGraph:  Pak pak cache file ../../../../../../Unreal Projects/BR/UEBallRunner/MGieleciakBallRunner/DerivedDataCache/DDC.ddp not found, will not use a pak cache.
[2020.06.02-21.09.03:919][  0]LogDerivedDataCache: Unable to find inner node Pak for hierarchical cache Hierarchy.
[2020.06.02-21.09.03:919][  0]LogDerivedDataCache: FDerivedDataBackendGraph:  CompressedPak pak cache file ../../../../../../Unreal Projects/BR/UEBallRunner/MGieleciakBallRunner/DerivedDataCache/Compressed.ddp not found, will not use a pak cache.
[2020.06.02-21.09.03:919][  0]LogDerivedDataCache: Unable to find inner node CompressedPak for hierarchical cache Hierarchy.
[2020.06.02-21.09.03:932][  0]LogDerivedDataCache: Display: Pak cache opened for reading ../../../Engine/DerivedDataCache/Compressed.ddp.
[2020.06.02-21.09.03:932][  0]LogDerivedDataCache: FDerivedDataBackendGraph:  EnterprisePak pak cache file ../../../Enterprise/DerivedDataCache/Compressed.ddp not found, will not use a pak cache.
[2020.06.02-21.09.03:932][  0]LogDerivedDataCache: Unable to find inner node EnterprisePak for hierarchical cache Hierarchy.
[2020.06.02-21.09.03:933][  0]LogDerivedDataCache: Using Local data cache path C:/Users/user/AppData/Local/UnrealEngine/Common/DerivedDataCache: Writable
[2020.06.02-21.09.03:933][  0]LogDerivedDataCache: Shared data cache path not found in *engine.ini, will not use an Shared cache.
[2020.06.02-21.09.03:933][  0]LogDerivedDataCache: Unable to find inner node Shared for hierarchical cache Hierarchy.
[2020.06.02-21.09.03:965][  0]LogMaterial: Verifying Global Shaders for PCD3D_SM5
[2020.06.02-21.09.03:968][  0]LogSlate: Using FreeType 2.10.0
[2020.06.02-21.09.03:968][  0]LogSlate: SlateFontServices - WITH_FREETYPE: 1, WITH_HARFBUZZ: 1
[2020.06.02-21.09.04:024][  0]LogAssetRegistry: FAssetRegistry took 0.0031 seconds to start up
[2020.06.02-21.09.04:416][  0]LogInit: Selected Device Profile: [Windows]
[2020.06.02-21.09.04:618][  0]LogMeshReduction: Using QuadricMeshReduction for automatic static mesh reduction
[2020.06.02-21.09.04:618][  0]LogMeshReduction: Using SimplygonMeshReduction for automatic skeletal mesh reduction
[2020.06.02-21.09.04:618][  0]LogMeshReduction: Using ProxyLODMeshReduction for automatic mesh merging
[2020.06.02-21.09.04:618][  0]LogMeshReduction: No distributed automatic mesh merging module available
[2020.06.02-21.09.04:618][  0]LogMeshMerging: No distributed automatic mesh merging module available
[2020.06.02-21.09.04:635][  0]LogNetVersion: MGieleciakBallRunner 1.0.0, NetCL: 10570792, EngineNetVer: 13, GameNetVer: 0 (Checksum: 362319083)
[2020.06.02-21.09.05:899][  0]LogPackageLocalizationCache: Processed 10 localized package path(s) for 1 prioritized culture(s) in 0.099004 seconds
[2020.06.02-21.09.05:908][  0]LogUObjectArray: 46750 objects as part of root set at end of initial load.
[2020.06.02-21.09.05:908][  0]LogUObjectAllocator: 8137160 out of 0 bytes used by permanent object pool.
[2020.06.02-21.09.05:908][  0]LogUObjectArray: CloseDisregardForGC: 0/0 objects in disregard for GC pool
[2020.06.02-21.09.06:402][  0]LogTcpMessaging: Initializing TcpMessaging bridge
[2020.06.02-21.09.06:405][  0]LogUdpMessaging: Initializing bridge on interface 0.0.0.0:0 to multicast group 230.0.0.1:6666.
[2020.06.02-21.09.06:482][  0]SourceControl: Source control is disabled
[2020.06.02-21.09.06:482][  0]SourceControl: Source control is disabled
[2020.06.02-21.09.06:484][  0]SourceControl: Source control is disabled
[2020.06.02-21.09.06:485][  0]SourceControl: Source control is disabled
[2020.06.02-21.09.06:485][  0]SourceControl: Source control is disabled
[2020.06.02-21.09.06:605][  0]LogAndroidPermission: UAndroidPermissionCallbackProxy::GetInstance
[2020.06.02-21.09.06:616][  0]LogAudioCaptureCore: Display: No Audio Capture implementations found. Audio input will be silent.
[2020.06.02-21.09.06:617][  0]LogAudioCaptureCore: Display: No Audio Capture implementations found. Audio input will be silent.
[2020.06.02-21.09.06:734][  0]LogOcInput: OculusInput pre-init called
[2020.06.02-21.09.06:740][  0]LogWindows: Failed to load 'OVRPlugin.dll' (GetLastError=126)
[2020.06.02-21.09.06:740][  0]LogWindows: File 'OVRPlugin.dll' does not exist
[2020.06.02-21.09.06:823][  0]LogEngine: Initializing Engine...
[2020.06.02-21.09.06:824][  0]LogHMD: Failed to initialize OpenVR with code 110
[2020.06.02-21.09.06:825][  0]LogStats: UGameplayTagsManager::InitializeManager -  0.000 s
[2020.06.02-21.09.07:275][  0]LogInit: Initializing FReadOnlyCVARCache
[2020.06.02-21.09.07:285][  0]LogAIModule: Creating AISystem for world Untitled
[2020.06.02-21.09.07:300][  0]LogAudioMixer: Display: Audio Mixer Platform Settings:
[2020.06.02-21.09.07:300][  0]LogAudioMixer: Display: 	Sample Rate:						  48000
[2020.06.02-21.09.07:300][  0]LogAudioMixer: Display: 	Callback Buffer Frame Size Requested: 1024
[2020.06.02-21.09.07:300][  0]LogAudioMixer: Display: 	Callback Buffer Frame Size To Use:	  1024
[2020.06.02-21.09.07:300][  0]LogAudioMixer: Display: 	Number of buffers to queue:			  2
[2020.06.02-21.09.07:300][  0]LogAudioMixer: Display: 	Max Channels (voices):				  32
[2020.06.02-21.09.07:300][  0]LogAudioMixer: Display: 	Number of Async Source Workers:		  0
[2020.06.02-21.09.07:300][  0]LogAudio: Display: AudioDevice MaxSources: 32
[2020.06.02-21.09.07:300][  0]LogAudio: Display: Using built-in audio occlusion.
[2020.06.02-21.09.07:301][  0]LogAudioMixer: Display: Initializing audio mixer.
[2020.06.02-21.09.07:307][  0]LogAudioMixer: Display: Audio Device Output Speaker Info:
[2020.06.02-21.09.07:307][  0]LogAudioMixer: Display: Name: Głośniki (Realtek High Definition Audio)
[2020.06.02-21.09.07:307][  0]LogAudioMixer: Display: Is Default: Yes
[2020.06.02-21.09.07:307][  0]LogAudioMixer: Display: Sample Rate: 48000
[2020.06.02-21.09.07:307][  0]LogAudioMixer: Display: Channel Count Used: 2
[2020.06.02-21.09.07:307][  0]LogAudioMixer: Display: Device Channel Count: 2
[2020.06.02-21.09.07:307][  0]LogAudioMixer: Display: Channel Order:
[2020.06.02-21.09.07:307][  0]LogAudioMixer: Display: 0: FrontLeft
[2020.06.02-21.09.07:307][  0]LogAudioMixer: Display: 1: FrontRight
[2020.06.02-21.09.07:316][  0]LogAudioMixer: Display: Using Audio Device Głośniki (Realtek High Definition Audio)
[2020.06.02-21.09.07:321][  0]LogInit: FAudioDevice initialized.
[2020.06.02-21.09.07:321][  0]LogNetVersion: Set ProjectVersion to 1.0.0.0. Version Checksum will be recalculated on next use.
[2020.06.02-21.09.07:483][  0]LogDerivedDataCache: Saved boot cache 0.16s 78MB C:/Users/user/AppData/Local/UnrealEngine/4.24/DerivedDataCache/Boot.ddc.
[2020.06.02-21.09.07:483][  0]LogInit: Texture streaming: Enabled
[2020.06.02-21.09.07:492][  0]LogEngineSessionManager: EngineSessionManager initialized
[2020.06.02-21.09.07:492][  0]LogEditorSessionSummary: Verbose: Initializing EditorSessionSummaryWriter for editor session tracking
[2020.06.02-21.09.07:493][  0]LogEditorSessionSummary: EditorSessionSummaryWriter initialized
[2020.06.02-21.09.07:545][  0]LogInit: Transaction tracking system initialized
[2020.06.02-21.09.07:554][  0]BlueprintLog: New page: Editor Load
[2020.06.02-21.09.07:598][  0]LocalizationService: Localization service is disabled
[2020.06.02-21.09.08:068][  0]LogFileCache: Scanning file cache for directory 'D:/Unreal Projects/BR/UEBallRunner/MGieleciakBallRunner/Content/' took 0.00s
[2020.06.02-21.09.08:068][  0]LogCook: Display: Max memory allowance for cook 16384mb min free memory 0mb
[2020.06.02-21.09.08:068][  0]LogCook: Display: Mobile HDR setting 1
[2020.06.02-21.09.08:746][  0]SourceControl: Source control is disabled
[2020.06.02-21.09.08:746][  0]Cmd: MAP LOAD FILE="../../../../../../Unreal Projects/BR/UEBallRunner/MGieleciakBallRunner/Content/Levels/MainLevel.umap" TEMPLATE=0 SHOWPROGRESS=1 FEATURELEVEL=3
[2020.06.02-21.09.08:746][  0]LightingResults: New page: Lighting Build
[2020.06.02-21.09.08:747][  0]LogWorld: UWorld::CleanupWorld for Untitled, bSessionEnded=true, bCleanupResources=true
[2020.06.02-21.09.08:747][  0]LogSlate: InvalidateAllWidgets triggered.  All widgets were invalidated
[2020.06.02-21.09.08:747][  0]MapCheck: New page: Map Check
[2020.06.02-21.09.08:747][  0]LightingResults: New page: Lighting Build
[2020.06.02-21.09.08:773][  0]LogUObjectHash: Compacting FUObjectHashTables data took   2.35ms
[2020.06.02-21.09.10:137][  0]LogAIModule: Creating AISystem for world MainLevel
[2020.06.02-21.09.10:273][  0]LogEditorServer: Finished looking for orphan Actors (0.000 secs)
[2020.06.02-21.09.10:300][  0]LogUObjectHash: Compacting FUObjectHashTables data took   2.40ms
[2020.06.02-21.09.10:302][  0]Cmd: MAP CHECKDEP NOCLEARLOG
[2020.06.02-21.09.10:302][  0]MapCheck: Map check complete: 0 Error(s), 0 Warning(s), took 0,114ms to complete.
[2020.06.02-21.09.10:302][  0]LogFileHelpers: Loading map 'MainLevel' took 1.557
[2020.06.02-21.09.11:614][  0]LogSlate: Updating window title bar state: overlay mode, drag disabled, window buttons hidden, title bar hidden
[2020.06.02-21.09.11:623][  0]LogSlate: Updating window title bar state: overlay mode, drag disabled, window buttons hidden, title bar hidden
[2020.06.02-21.09.11:632][  0]LogSlate: Updating window title bar state: overlay mode, drag disabled, window buttons hidden, title bar hidden
[2020.06.02-21.09.11:640][  0]LogSlate: Updating window title bar state: overlay mode, drag disabled, window buttons hidden, title bar hidden
[2020.06.02-21.09.12:043][  0]LogCollectionManager: Loaded 0 collections in 0.001229 seconds
[2020.06.02-21.09.12:496][  0]LogFileCache: Scanning file cache for directory 'D:/Unreal Projects/BR/UEBallRunner/MGieleciakBallRunner/Saved/Collections/' took 0.00s
[2020.06.02-21.09.12:496][  0]LogFileCache: Scanning file cache for directory 'D:/Unreal Projects/BR/UEBallRunner/MGieleciakBallRunner/Content/Developers/user/Collections/' took 0.00s
[2020.06.02-21.09.12:496][  0]LogFileCache: Scanning file cache for directory 'D:/Unreal Projects/BR/UEBallRunner/MGieleciakBallRunner/Content/Collections/' took 0.00s
[2020.06.02-21.09.12:496][  0]LogContentBrowser: Native class hierarchy populated in 0.0115 seconds. Added 3015 classes and 717 folders.
[2020.06.02-21.09.12:736][  0]LogContentBrowser: Native class hierarchy updated for 'WidgetCarousel' in 0.0005 seconds. Added 0 classes and 0 folders.
[2020.06.02-21.09.14:155][  0]LogContentBrowser: Native class hierarchy updated for 'AddContentDialog' in 0.0003 seconds. Added 0 classes and 0 folders.
[2020.06.02-21.09.14:236][  0]LogContentBrowser: Native class hierarchy updated for 'SceneOutliner' in 0.0003 seconds. Added 2 classes and 3 folders.
[2020.06.02-21.09.15:202][  0]LogSlate: Took 0.000148 seconds to synchronously load lazily loaded font '../../../Engine/Content/Slate/Fonts/Roboto-Regular.ttf' (155K)
[2020.06.02-21.09.15:205][  0]LogSlate: Took 0.000165 seconds to synchronously load lazily loaded font '../../../Engine/Content/Slate/Fonts/Roboto-Bold.ttf' (160K)
[2020.06.02-21.09.15:244][  0]LogSlate: Took 0.019075 seconds to synchronously load lazily loaded font '../../../Engine/Content/Editor/Slate/Fonts/FontAwesome.ttf' (139K)
[2020.06.02-21.09.15:689][  0]LogRenderer: Reallocating scene render targets to support 1056x580 Format 10 NumSamples 1 (Frame:1).
[2020.06.02-21.09.16:068][  0]LogContentBrowser: Native class hierarchy updated for 'HierarchicalLODOutliner' in 0.0003 seconds. Added 0 classes and 0 folders.
[2020.06.02-21.09.16:068][  0]LogLoad: (Engine Initialization) Total time: 15.01 seconds
[2020.06.02-21.09.16:068][  0]LogLoad: (Engine Initialization) Total Blueprint compile time: 0.00 seconds
[2020.06.02-21.09.16:240][  0]LogContentStreaming: Texture pool size now 1000 MB
[2020.06.02-21.09.16:320][  0]LogRenderer: Reallocating scene render targets to support 1056x596 Format 10 NumSamples 1 (Frame:2).
[2020.06.02-21.09.16:320][  0]LogSlate: Took 0.017937 seconds to synchronously load lazily loaded font '../../../Engine/Content/Slate/Fonts/Roboto-Light.ttf' (167K)
[2020.06.02-21.09.16:676][  4]LogAssetRegistry: Asset discovery search completed in 12.6525 seconds
[2020.06.02-21.09.16:681][  4]LogCollectionManager: Fixed up redirectors for 0 collections in 0.000011 seconds (updated 0 objects)
[2020.06.02-21.09.55:127][128]LogSlate: Took 0.000172 seconds to synchronously load lazily loaded font '../../../Engine/Content/Slate/Fonts/Roboto-Light.ttf' (167K)
[2020.06.02-21.09.55:138][128]LogAssetEditorSubsystem: Opening Asset editor for Blueprint /Game/Blueprints/BP_GameMode.BP_GameMode
[2020.06.02-21.09.55:786][128]LogContentBrowser: Native class hierarchy updated for 'BlueprintGraph' in 0.0006 seconds. Added 121 classes and 0 folders.
[2020.06.02-21.10.00:702][401]LogSlate: Window 'BP_GameMode' being destroyed
[2020.06.02-21.10.00:705][401]LogSlate: Window 'BP_GameMode' being destroyed
[2020.06.02-21.10.00:791][401]LogWorld: UWorld::CleanupWorld for World_2, bSessionEnded=true, bCleanupResources=true
[2020.06.02-21.10.00:791][401]LogSlate: InvalidateAllWidgets triggered.  All widgets were invalidated
[2020.06.02-21.10.01:597][449]LogAssetEditorSubsystem: Opening Asset editor for Blueprint /Game/Blueprints/BP_PlayerSpawn.BP_PlayerSpawn
[2020.06.02-21.10.02:158][449]LogSlate: Took 0.000146 seconds to synchronously load lazily loaded font '../../../Engine/Content/Slate/Fonts/Roboto-BoldCondensed.ttf' (158K)
[2020.06.02-21.18.00:871][355]LogSlate: Took 0.023139 seconds to synchronously load lazily loaded font '../../../Engine/Content/Slate/Fonts/Roboto-Italic.ttf' (157K)
[2020.06.02-21.22.22:549][449]BlueprintLog: New page: Compile BP_PlayerSpawn
[2020.06.02-21.22.23:741][449]LogUObjectHash: Compacting FUObjectHashTables data took   7.51ms
[2020.06.02-21.22.30:841][643]LogSlate: Window 'Project Settings' being destroyed
[2020.06.02-21.22.30:843][643]LogSlate: Window 'Project Settings' being destroyed
[2020.06.02-21.22.32:365][767]LogTemp: Repeating last play command: Selected Viewport
[2020.06.02-21.22.32:528][767]LogPlayLevel: PlayLevel: No blueprints needed recompiling
[2020.06.02-21.22.32:599][767]PIE: New page: PIE session: MainLevel (3 cze 2020, 01:22:32)
[2020.06.02-21.22.32:747][767]LogOnline: OSS: Creating online subsystem instance for: NULL
[2020.06.02-21.22.32:765][767]LogOnline: OSS: TryLoadSubsystemAndSetDefault: Loaded subsystem for module [NULL]
[2020.06.02-21.22.32:801][767]LogPlayLevel: Creating play world package: /Game/Levels/UEDPIE_0_MainLevel
[2020.06.02-21.22.32:851][767]LogPlayLevel: PIE: StaticDuplicateObject took: (0.049460s)
[2020.06.02-21.22.32:867][767]LogAIModule: Creating AISystem for world MainLevel
[2020.06.02-21.22.32:884][767]LogPlayLevel: PIE: World Init took: (0.033563s)
[2020.06.02-21.22.32:884][767]LogPlayLevel: PIE: Created PIE world by copying editor world from /Game/Levels/MainLevel.MainLevel to /Game/Levels/UEDPIE_0_MainLevel.MainLevel (0.083366s)
[2020.06.02-21.22.33:004][767]LogUObjectHash: Compacting FUObjectHashTables data took   5.88ms
[2020.06.02-21.22.33:058][767]LogAudioMixer: Display: Audio Mixer Platform Settings:
[2020.06.02-21.22.33:058][767]LogAudioMixer: Display: 	Sample Rate:						  48000
[2020.06.02-21.22.33:058][767]LogAudioMixer: Display: 	Callback Buffer Frame Size Requested: 1024
[2020.06.02-21.22.33:058][767]LogAudioMixer: Display: 	Callback Buffer Frame Size To Use:	  1024
[2020.06.02-21.22.33:058][767]LogAudioMixer: Display: 	Number of buffers to queue:			  2
[2020.06.02-21.22.33:058][767]LogAudioMixer: Display: 	Max Channels (voices):				  32
[2020.06.02-21.22.33:058][767]LogAudioMixer: Display: 	Number of Async Source Workers:		  0
[2020.06.02-21.22.33:058][767]LogAudio: Display: AudioDevice MaxSources: 32
[2020.06.02-21.22.33:058][767]LogAudio: Display: Using built-in audio occlusion.
[2020.06.02-21.22.33:058][767]LogAudioMixer: Display: Initializing audio mixer.
[2020.06.02-21.22.33:059][767]LogAudioMixer: Display: Audio Device Output Speaker Info:
[2020.06.02-21.22.33:059][767]LogAudioMixer: Display: Name: Głośniki (Realtek High Definition Audio)
[2020.06.02-21.22.33:059][767]LogAudioMixer: Display: Is Default: Yes
[2020.06.02-21.22.33:059][767]LogAudioMixer: Display: Sample Rate: 48000
[2020.06.02-21.22.33:059][767]LogAudioMixer: Display: Channel Count Used: 2
[2020.06.02-21.22.33:059][767]LogAudioMixer: Display: Device Channel Count: 2
[2020.06.02-21.22.33:059][767]LogAudioMixer: Display: Channel Order:
[2020.06.02-21.22.33:059][767]LogAudioMixer: Display: 0: FrontLeft
[2020.06.02-21.22.33:059][767]LogAudioMixer: Display: 1: FrontRight
[2020.06.02-21.22.33:067][767]LogAudioMixer: Display: Using Audio Device Głośniki (Realtek High Definition Audio)
[2020.06.02-21.22.33:082][767]LogInit: FAudioDevice initialized.
[2020.06.02-21.22.33:169][767]LogLoad: Game class is 'BP_GameMode_C'
[2020.06.02-21.22.33:345][767]LogWorld: Bringing World /Game/Levels/UEDPIE_0_MainLevel.MainLevel up for play (max tick rate 0) at 2020.06.02-23.22.33
[2020.06.02-21.22.33:376][767]LogWorld: Bringing up level for play took: 0.050984
[2020.06.02-21.22.33:397][767]LogOnline: OSS: Creating online subsystem instance for: :Context_6
[2020.06.02-21.22.33:676][767]LogContentBrowser: Native class hierarchy updated for 'MovieSceneCapture' in 0.0004 seconds. Added 20 classes and 0 folders.
[2020.06.02-21.22.33:893][767]PIE: Play in editor start time for /Game/Levels/UEDPIE_0_MainLevel 0,78
[2020.06.02-21.22.40:498][439]LogAudioMixer: Display: No commands were queued while flushing the source manager.
[2020.06.02-21.22.40:498][439]LogAudioMixer: Display: No commands were queued while flushing the source manager.
[2020.06.02-21.22.40:557][439]LogSlate: Updating window title bar state: overlay mode, drag disabled, window buttons hidden, title bar hidden
[2020.06.02-21.22.40:559][439]LogWorld: BeginTearingDown for /Game/Levels/UEDPIE_0_MainLevel
[2020.06.02-21.22.40:579][439]LogAudioMixer: Display: No commands were queued while flushing the source manager.
[2020.06.02-21.22.40:580][439]LogWorld: UWorld::CleanupWorld for MainLevel, bSessionEnded=true, bCleanupResources=true
[2020.06.02-21.22.40:597][439]LogSlate: InvalidateAllWidgets triggered.  All widgets were invalidated
[2020.06.02-21.22.40:631][439]LogPlayLevel: Display: Shutting down PIE online subsystems
[2020.06.02-21.22.40:638][439]LogSlate: InvalidateAllWidgets triggered.  All widgets were invalidated
[2020.06.02-21.22.40:792][439]LogAudioMixer: Display: No commands were queued while flushing the source manager.
[2020.06.02-21.22.40:836][439]LogSlate: Updating window title bar state: overlay mode, drag disabled, window buttons hidden, title bar hidden
[2020.06.02-21.22.40:979][439]LogUObjectHash: Compacting FUObjectHashTables data took   6.84ms
[2020.06.02-21.22.41:024][440]LogPlayLevel: Display: Destroying online subsystem :Context_6
[2020.06.02-21.22.43:041][600]LogEditorViewport: Clicking Background
[2020.06.02-21.24.48:057][284]BlueprintLog: New page: Compile BP_PlayerSpawn
[2020.06.02-21.24.48:558][284]LogUObjectHash: Compacting FUObjectHashTables data took   6.87ms
[2020.06.02-21.24.52:598][464]LogTemp: Repeating last play command: Selected Viewport
[2020.06.02-21.24.52:619][464]LogPlayLevel: PlayLevel: No blueprints needed recompiling
[2020.06.02-21.24.52:620][464]PIE: New page: PIE session: MainLevel (3 cze 2020, 01:24:52)
[2020.06.02-21.24.52:620][464]LogPlayLevel: Creating play world package: /Game/Levels/UEDPIE_0_MainLevel
[2020.06.02-21.24.52:635][464]LogPlayLevel: PIE: StaticDuplicateObject took: (0.015186s)
[2020.06.02-21.24.52:636][464]LogAIModule: Creating AISystem for world MainLevel
[2020.06.02-21.24.52:636][464]LogPlayLevel: PIE: World Init took: (0.001236s)
[2020.06.02-21.24.52:636][464]LogPlayLevel: PIE: Created PIE world by copying editor world from /Game/Levels/MainLevel.MainLevel to /Game/Levels/UEDPIE_0_MainLevel.MainLevel (0.016596s)
[2020.06.02-21.24.52:682][464]LogUObjectHash: Compacting FUObjectHashTables data took   6.08ms
[2020.06.02-21.24.52:683][464]LogAudioMixer: Display: Audio Mixer Platform Settings:
[2020.06.02-21.24.52:683][464]LogAudioMixer: Display: 	Sample Rate:						  48000
[2020.06.02-21.24.52:683][464]LogAudioMixer: Display: 	Callback Buffer Frame Size Requested: 1024
[2020.06.02-21.24.52:683][464]LogAudioMixer: Display: 	Callback Buffer Frame Size To Use:	  1024
[2020.06.02-21.24.52:683][464]LogAudioMixer: Display: 	Number of buffers to queue:			  2
[2020.06.02-21.24.52:683][464]LogAudioMixer: Display: 	Max Channels (voices):				  32
[2020.06.02-21.24.52:683][464]LogAudioMixer: Display: 	Number of Async Source Workers:		  0
[2020.06.02-21.24.52:683][464]LogAudio: Display: AudioDevice MaxSources: 32
[2020.06.02-21.24.52:683][464]LogAudio: Display: Using built-in audio occlusion.
[2020.06.02-21.24.52:683][464]LogAudioMixer: Display: Initializing audio mixer.
[2020.06.02-21.24.52:684][464]LogAudioMixer: Display: Audio Device Output Speaker Info:
[2020.06.02-21.24.52:685][464]LogAudioMixer: Display: Name: Głośniki (Realtek High Definition Audio)
[2020.06.02-21.24.52:685][464]LogAudioMixer: Display: Is Default: Yes
[2020.06.02-21.24.52:685][464]LogAudioMixer: Display: Sample Rate: 48000
[2020.06.02-21.24.52:685][464]LogAudioMixer: Display: Channel Count Used: 2
[2020.06.02-21.24.52:685][464]LogAudioMixer: Display: Device Channel Count: 2
[2020.06.02-21.24.52:685][464]LogAudioMixer: Display: Channel Order:
[2020.06.02-21.24.52:685][464]LogAudioMixer: Display: 0: FrontLeft
[2020.06.02-21.24.52:685][464]LogAudioMixer: Display: 1: FrontRight
[2020.06.02-21.24.52:692][464]LogAudioMixer: Display: Using Audio Device Głośniki (Realtek High Definition Audio)
[2020.06.02-21.24.52:694][464]LogInit: FAudioDevice initialized.
[2020.06.02-21.24.52:703][464]LogLoad: Game class is 'BP_GameMode_C'
[2020.06.02-21.24.52:705][464]LogWorld: Bringing World /Game/Levels/UEDPIE_0_MainLevel.MainLevel up for play (max tick rate 0) at 2020.06.02-23.24.52
[2020.06.02-21.24.52:705][464]LogWorld: Bringing up level for play took: 0.001628
[2020.06.02-21.24.52:705][464]LogOnline: OSS: Creating online subsystem instance for: :Context_7
[2020.06.02-21.24.52:708][464]PIE: Play in editor start time for /Game/Levels/UEDPIE_0_MainLevel -0,408
[2020.06.02-21.24.58:730][179]LogAudioMixer: Display: No commands were queued while flushing the source manager.
[2020.06.02-21.24.58:730][179]LogAudioMixer: Display: No commands were queued while flushing the source manager.
[2020.06.02-21.24.58:731][179]LogSlate: Updating window title bar state: overlay mode, drag disabled, window buttons hidden, title bar hidden
[2020.06.02-21.24.58:731][179]LogWorld: BeginTearingDown for /Game/Levels/UEDPIE_0_MainLevel
[2020.06.02-21.24.58:731][179]LogAudioMixer: Display: No commands were queued while flushing the source manager.
[2020.06.02-21.24.58:731][179]LogWorld: UWorld::CleanupWorld for MainLevel, bSessionEnded=true, bCleanupResources=true
[2020.06.02-21.24.58:731][179]LogSlate: InvalidateAllWidgets triggered.  All widgets were invalidated
[2020.06.02-21.24.58:737][179]LogPlayLevel: Display: Shutting down PIE online subsystems
[2020.06.02-21.24.58:743][179]LogSlate: InvalidateAllWidgets triggered.  All widgets were invalidated
[2020.06.02-21.24.58:782][179]LogAudioMixer: Display: No commands were queued while flushing the source manager.
[2020.06.02-21.24.58:784][179]LogSlate: Updating window title bar state: overlay mode, drag disabled, window buttons hidden, title bar hidden
[2020.06.02-21.24.58:790][179]LogUObjectHash: Compacting FUObjectHashTables data took   4.51ms
[2020.06.02-21.24.58:846][181]LogPlayLevel: Display: Destroying online subsystem :Context_7
[2020.06.02-21.25.34:851][656]LogUObjectHash: Compacting FUObjectHashTables data took   1.31ms
[2020.06.02-21.25.34:852][656]LogFileHelpers: Editor autosave (incl. sublevels) for '/Game/Levels/MainLevel' took 0.040
[2020.06.02-21.25.34:881][656]OBJ SavePackage: Generating thumbnails for [1] asset(s) in package [/Game/Blueprints/BP_PlayerSpawn] ([1] browsable assets)...
[2020.06.02-21.25.34:919][656]OBJ SavePackage:     Rendered thumbnail for [Blueprint /Game/Blueprints/BP_PlayerSpawn.BP_PlayerSpawn]
[2020.06.02-21.25.34:919][656]OBJ SavePackage: Finished generating thumbnails for package [/Game/Blueprints/BP_PlayerSpawn]
[2020.06.02-21.25.35:322][656]LogSavePackage: Moving '../../../../../../Unreal Projects/BR/UEBallRunner/MGieleciakBallRunner/Saved/BP_PlayerSpawn_Auto1BC5B13454A0E0F2D302BDBB08466DA26.tmp' to '../../../../../../Unreal Projects/BR/UEBallRunner/MGieleciakBallRunner/Saved/Autosaves/Game/Blueprints/BP_PlayerSpawn_Auto1.uasset'
[2020.06.02-21.25.35:380][656]LogFileHelpers: Auto-saving content packages took 0.528
[2020.06.02-21.27.40:961][714]BlueprintLog: New page: Compile BP_PlayerSpawn
[2020.06.02-21.27.41:329][714]LogUObjectHash: Compacting FUObjectHashTables data took   5.62ms
[2020.06.02-21.27.43:672][890]LogTemp: Repeating last play command: Selected Viewport
[2020.06.02-21.27.43:694][890]LogPlayLevel: PlayLevel: No blueprints needed recompiling
[2020.06.02-21.27.43:694][890]PIE: New page: PIE session: MainLevel (3 cze 2020, 01:27:43)
[2020.06.02-21.27.43:694][890]LogPlayLevel: Creating play world package: /Game/Levels/UEDPIE_0_MainLevel
[2020.06.02-21.27.43:703][890]LogPlayLevel: PIE: StaticDuplicateObject took: (0.008782s)
[2020.06.02-21.27.43:704][890]LogAIModule: Creating AISystem for world MainLevel
[2020.06.02-21.27.43:704][890]LogPlayLevel: PIE: World Init took: (0.001209s)
[2020.06.02-21.27.43:704][890]LogPlayLevel: PIE: Created PIE world by copying editor world from /Game/Levels/MainLevel.MainLevel to /Game/Levels/UEDPIE_0_MainLevel.MainLevel (0.010133s)
[2020.06.02-21.27.43:746][890]LogUObjectHash: Compacting FUObjectHashTables data took   6.15ms
[2020.06.02-21.27.43:746][890]LogAudioMixer: Display: Audio Mixer Platform Settings:
[2020.06.02-21.27.43:746][890]LogAudioMixer: Display: 	Sample Rate:						  48000
[2020.06.02-21.27.43:746][890]LogAudioMixer: Display: 	Callback Buffer Frame Size Requested: 1024
[2020.06.02-21.27.43:746][890]LogAudioMixer: Display: 	Callback Buffer Frame Size To Use:	  1024
[2020.06.02-21.27.43:746][890]LogAudioMixer: Display: 	Number of buffers to queue:			  2
[2020.06.02-21.27.43:746][890]LogAudioMixer: Display: 	Max Channels (voices):				  32
[2020.06.02-21.27.43:746][890]LogAudioMixer: Display: 	Number of Async Source Workers:		  0
[2020.06.02-21.27.43:746][890]LogAudio: Display: AudioDevice MaxSources: 32
[2020.06.02-21.27.43:747][890]LogAudio: Display: Using built-in audio occlusion.
[2020.06.02-21.27.43:747][890]LogAudioMixer: Display: Initializing audio mixer.
[2020.06.02-21.27.43:748][890]LogAudioMixer: Display: Audio Device Output Speaker Info:
[2020.06.02-21.27.43:748][890]LogAudioMixer: Display: Name: Głośniki (Realtek High Definition Audio)
[2020.06.02-21.27.43:748][890]LogAudioMixer: Display: Is Default: Yes
[2020.06.02-21.27.43:748][890]LogAudioMixer: Display: Sample Rate: 48000
[2020.06.02-21.27.43:748][890]LogAudioMixer: Display: Channel Count Used: 2
[2020.06.02-21.27.43:748][890]LogAudioMixer: Display: Device Channel Count: 2
[2020.06.02-21.27.43:748][890]LogAudioMixer: Display: Channel Order:
[2020.06.02-21.27.43:748][890]LogAudioMixer: Display: 0: FrontLeft
[2020.06.02-21.27.43:748][890]LogAudioMixer: Display: 1: FrontRight
[2020.06.02-21.27.43:756][890]LogAudioMixer: Display: Using Audio Device Głośniki (Realtek High Definition Audio)
[2020.06.02-21.27.43:758][890]LogInit: FAudioDevice initialized.
[2020.06.02-21.27.43:765][890]LogLoad: Game class is 'BP_GameMode_C'
[2020.06.02-21.27.43:767][890]LogWorld: Bringing World /Game/Levels/UEDPIE_0_MainLevel.MainLevel up for play (max tick rate 0) at 2020.06.02-23.27.43
[2020.06.02-21.27.43:767][890]LogWorld: Bringing up level for play took: 0.001569
[2020.06.02-21.27.43:767][890]LogOnline: OSS: Creating online subsystem instance for: :Context_8
[2020.06.02-21.27.43:770][890]PIE: Play in editor start time for /Game/Levels/UEDPIE_0_MainLevel 0,652
[2020.06.02-21.27.51:861][856]LogAudioMixer: Display: No commands were queued while flushing the source manager.
[2020.06.02-21.27.51:861][856]LogAudioMixer: Display: No commands were queued while flushing the source manager.
[2020.06.02-21.27.51:861][856]LogSlate: Updating window title bar state: overlay mode, drag disabled, window buttons hidden, title bar hidden
[2020.06.02-21.27.51:861][856]LogWorld: BeginTearingDown for /Game/Levels/UEDPIE_0_MainLevel
[2020.06.02-21.27.51:861][856]LogAudioMixer: Display: No commands were queued while flushing the source manager.
[2020.06.02-21.27.51:861][856]LogWorld: UWorld::CleanupWorld for MainLevel, bSessionEnded=true, bCleanupResources=true
[2020.06.02-21.27.51:861][856]LogSlate: InvalidateAllWidgets triggered.  All widgets were invalidated
[2020.06.02-21.27.51:867][856]LogPlayLevel: Display: Shutting down PIE online subsystems
[2020.06.02-21.27.51:873][856]LogSlate: InvalidateAllWidgets triggered.  All widgets were invalidated
[2020.06.02-21.27.51:910][856]LogAudioMixer: Display: No commands were queued while flushing the source manager.
[2020.06.02-21.27.51:913][856]LogSlate: Updating window title bar state: overlay mode, drag disabled, window buttons hidden, title bar hidden
[2020.06.02-21.27.51:918][856]LogUObjectHash: Compacting FUObjectHashTables data took   4.47ms
[2020.06.02-21.27.51:974][858]LogPlayLevel: Display: Destroying online subsystem :Context_8
[2020.06.02-21.35.43:790][273]LogUObjectHash: Compacting FUObjectHashTables data took   1.45ms
[2020.06.02-21.35.43:793][273]LogFileHelpers: Editor autosave (incl. sublevels) for '/Game/Levels/MainLevel' took 0.043
[2020.06.02-21.35.43:793][273]OBJ SavePackage: Generating thumbnails for [1] asset(s) in package [/Game/Blueprints/BP_PlayerSpawn] ([1] browsable assets)...
[2020.06.02-21.35.43:824][273]OBJ SavePackage:     Rendered thumbnail for [Blueprint /Game/Blueprints/BP_PlayerSpawn.BP_PlayerSpawn]
[2020.06.02-21.35.43:824][273]OBJ SavePackage: Finished generating thumbnails for package [/Game/Blueprints/BP_PlayerSpawn]
[2020.06.02-21.35.43:885][273]LogSavePackage: Moving '../../../../../../Unreal Projects/BR/UEBallRunner/MGieleciakBallRunner/Saved/BP_PlayerSpawn_Auto251663694438927C48640A4A88DEF94EC.tmp' to '../../../../../../Unreal Projects/BR/UEBallRunner/MGieleciakBallRunner/Saved/Autosaves/Game/Blueprints/BP_PlayerSpawn_Auto2.uasset'
[2020.06.02-21.35.43:886][273]LogFileHelpers: Auto-saving content packages took 0.093
[2020.06.02-21.42.14:482][528]LogSlate: Window 'BP_PlayerSpawn' being destroyed
[2020.06.02-21.42.14:484][528]LogSlate: Window 'BP_PlayerSpawn' being destroyed
[2020.06.02-21.42.14:497][528]LogWorld: UWorld::CleanupWorld for World_3, bSessionEnded=true, bCleanupResources=true
[2020.06.02-21.42.14:497][528]LogSlate: InvalidateAllWidgets triggered.  All widgets were invalidated
[2020.06.02-21.45.44:215][328]LogUObjectHash: Compacting FUObjectHashTables data took   6.08ms
[2020.06.02-21.45.44:220][328]LogFileHelpers: Editor autosave (incl. sublevels) for '/Game/Levels/MainLevel' took 0.071
[2020.06.02-21.45.44:220][328]OBJ SavePackage: Generating thumbnails for [1] asset(s) in package [/Game/Blueprints/BP_PlayerSpawn] ([1] browsable assets)...
[2020.06.02-21.45.44:252][328]OBJ SavePackage:     Rendered thumbnail for [Blueprint /Game/Blueprints/BP_PlayerSpawn.BP_PlayerSpawn]
[2020.06.02-21.45.44:252][328]OBJ SavePackage: Finished generating thumbnails for package [/Game/Blueprints/BP_PlayerSpawn]
[2020.06.02-21.45.44:311][328]LogSavePackage: Moving '../../../../../../Unreal Projects/BR/UEBallRunner/MGieleciakBallRunner/Saved/BP_PlayerSpawn_Auto3AEC0ED174B05E926C96464A61D58D335.tmp' to '../../../../../../Unreal Projects/BR/UEBallRunner/MGieleciakBallRunner/Saved/Autosaves/Game/Blueprints/BP_PlayerSpawn_Auto3.uasset'
[2020.06.02-21.45.44:311][328]LogFileHelpers: Auto-saving content packages took 0.092
[2020.06.02-21.50.02:151][602]LogAssetEditorSubsystem: Opening Asset editor for Blueprint /Game/Blueprints/BP_PlayerSpawn.BP_PlayerSpawn
[2020.06.02-21.57.42:614][161]LogSlate: Window 'Project Settings' being destroyed
[2020.06.02-21.57.42:618][161]LogSlate: Window 'Project Settings' being destroyed
[2020.06.02-21.58.53:210][404]BlueprintLog: New page: Compile BP_PlayerSpawn
[2020.06.02-21.58.53:577][404]LogUObjectHash: Compacting FUObjectHashTables data took   5.58ms
[2020.06.02-21.59.21:321][699]LogUObjectHash: Compacting FUObjectHashTables data took   4.27ms
[2020.06.02-21.59.21:322][699]LogFileHelpers: Editor autosave (incl. sublevels) for '/Game/Levels/MainLevel' took 0.037
[2020.06.02-21.59.21:323][699]OBJ SavePackage: Generating thumbnails for [1] asset(s) in package [/Game/Blueprints/BP_PlayerSpawn] ([1] browsable assets)...
[2020.06.02-21.59.21:336][699]OBJ SavePackage:     Rendered thumbnail for [Blueprint /Game/Blueprints/BP_PlayerSpawn.BP_PlayerSpawn]
[2020.06.02-21.59.21:336][699]OBJ SavePackage: Finished generating thumbnails for package [/Game/Blueprints/BP_PlayerSpawn]
[2020.06.02-21.59.21:353][699]LogSavePackage: Moving '../../../../../../Unreal Projects/BR/UEBallRunner/MGieleciakBallRunner/Saved/BP_PlayerSpawn_Auto47160372E4B7F698C68059F9951220BDE.tmp' to '../../../../../../Unreal Projects/BR/UEBallRunner/MGieleciakBallRunner/Saved/Autosaves/Game/Blueprints/BP_PlayerSpawn_Auto4.uasset'
[2020.06.02-21.59.21:353][699]LogFileHelpers: Auto-saving content packages took 0.031
[2020.06.02-22.07.32:882][394]LogSlate: Window 'BP_PlayerSpawn' being destroyed
[2020.06.02-22.07.32:885][394]LogSlate: Window 'BP_PlayerSpawn' being destroyed
[2020.06.02-22.07.32:887][394]LogWorld: UWorld::CleanupWorld for World_5, bSessionEnded=true, bCleanupResources=true
[2020.06.02-22.07.32:887][394]LogSlate: InvalidateAllWidgets triggered.  All widgets were invalidated
[2020.06.02-22.07.34:161][486]LogUObjectHash: Compacting FUObjectHashTables data took   3.83ms
[2020.06.02-22.07.34:265][486]LogSavePackage: Moving '../../../../../../Unreal Projects/BR/UEBallRunner/MGieleciakBallRunner/Saved/MainLevel9CF957BE44C9DE0BA18AEDA46993E6A3.tmp' to '../../../../../../Unreal Projects/BR/UEBallRunner/MGieleciakBallRunner/Content/Levels/MainLevel.umap'
[2020.06.02-22.07.34:337][486]Cmd: OBJ SAVEPACKAGE PACKAGE="/Game/Levels/MainLevel_BuiltData" FILE="../../../../../../Unreal Projects/BR/UEBallRunner/MGieleciakBallRunner/Content/Levels/MainLevel_BuiltData.uasset" SILENT=true
[2020.06.02-22.07.34:446][486]LogSavePackage: Moving '../../../../../../Unreal Projects/BR/UEBallRunner/MGieleciakBallRunner/Saved/MainLevel_BuiltDataB3C1CDC4486EFBB5C5517C925E132669.tmp' to '../../../../../../Unreal Projects/BR/UEBallRunner/MGieleciakBallRunner/Content/Levels/MainLevel_BuiltData.uasset'
[2020.06.02-22.07.34:475][486]AssetCheck: New page: Asset Save: multiple assets
[2020.06.02-22.07.34:475][486]LogContentValidation: Display: Validating World /Game/Levels/MainLevel.MainLevel
[2020.06.02-22.07.34:475][486]LogContentValidation: Display: Validating MapBuildDataRegistry /Game/Levels/MainLevel_BuiltData.MainLevel_BuiltData
[2020.06.02-22.07.36:914][706]LogEditorViewport: Clicking Background
